2023-12-30 13:53:15.516  INFO 8084 --- [restartedMain] c.i.i.IpalikaDataCollectionApplication   : Starting IpalikaDataCollectionApplication on DESKTOP-4HSRG9M with PID 8084 (E:\dakshinkali_project\ipalika-dakshinkali-rest\target\classes started by de in E:\dakshinkali_project\ipalika-dakshinkali-rest)
2023-12-30 13:53:15.552  INFO 8084 --- [restartedMain] c.i.i.IpalikaDataCollectionApplication   : The following profiles are active: dev
2023-12-30 13:53:16.120  INFO 8084 --- [restartedMain] .e.DevToolsPropertyDefaultsPostProcessor : Devtools property defaults active! Set 'spring.devtools.add-properties' to 'false' to disable
2023-12-30 13:53:16.122  INFO 8084 --- [restartedMain] .e.DevToolsPropertyDefaultsPostProcessor : For additional web related logging consider setting the 'logging.level.web' property to 'DEBUG'
2023-12-30 13:53:30.857  INFO 8084 --- [restartedMain] .s.d.r.c.RepositoryConfigurationDelegate : Bootstrapping Spring Data JDBC repositories in DEFAULT mode.
2023-12-30 13:53:30.978  INFO 8084 --- [restartedMain] .s.d.r.c.RepositoryConfigurationDelegate : Finished Spring Data repository scanning in 103ms. Found 0 JDBC repository interfaces.
2023-12-30 13:53:32.449  INFO 8084 --- [restartedMain] trationDelegate$BeanPostProcessorChecker : Bean 'org.springframework.security.config.annotation.configuration.ObjectPostProcessorConfiguration' of type [org.springframework.security.config.annotation.configuration.ObjectPostProcessorConfiguration] is not eligible for getting processed by all BeanPostProcessors (for example: not eligible for auto-proxying)
2023-12-30 13:53:32.469  INFO 8084 --- [restartedMain] trationDelegate$BeanPostProcessorChecker : Bean 'org.springframework.transaction.annotation.ProxyTransactionManagementConfiguration' of type [org.springframework.transaction.annotation.ProxyTransactionManagementConfiguration] is not eligible for getting processed by all BeanPostProcessors (for example: not eligible for auto-proxying)
2023-12-30 13:53:32.524  INFO 8084 --- [restartedMain] trationDelegate$BeanPostProcessorChecker : Bean 'objectPostProcessor' of type [org.springframework.security.config.annotation.configuration.AutowireBeanFactoryObjectPostProcessor] is not eligible for getting processed by all BeanPostProcessors (for example: not eligible for auto-proxying)
2023-12-30 13:53:32.524  INFO 8084 --- [restartedMain] trationDelegate$BeanPostProcessorChecker : Bean 'org.springframework.security.access.expression.method.DefaultMethodSecurityExpressionHandler@136feab2' of type [org.springframework.security.access.expression.method.DefaultMethodSecurityExpressionHandler] is not eligible for getting processed by all BeanPostProcessors (for example: not eligible for auto-proxying)
2023-12-30 13:53:32.531  INFO 8084 --- [restartedMain] trationDelegate$BeanPostProcessorChecker : Bean 'org.springframework.security.config.annotation.method.configuration.GlobalMethodSecurityConfiguration' of type [org.springframework.security.config.annotation.method.configuration.GlobalMethodSecurityConfiguration] is not eligible for getting processed by all BeanPostProcessors (for example: not eligible for auto-proxying)
2023-12-30 13:53:32.538  INFO 8084 --- [restartedMain] trationDelegate$BeanPostProcessorChecker : Bean 'methodSecurityMetadataSource' of type [org.springframework.security.access.method.DelegatingMethodSecurityMetadataSource] is not eligible for getting processed by all BeanPostProcessors (for example: not eligible for auto-proxying)
2023-12-30 13:53:34.058  INFO 8084 --- [restartedMain] o.s.b.w.embedded.tomcat.TomcatWebServer  : Tomcat initialized with port(s): 8888 (http)
2023-12-30 13:53:34.100  INFO 8084 --- [restartedMain] o.apache.catalina.core.StandardService   : Starting service [Tomcat]
2023-12-30 13:53:34.101  INFO 8084 --- [restartedMain] org.apache.catalina.core.StandardEngine  : Starting Servlet engine: [Apache Tomcat/9.0.29]
2023-12-30 13:53:34.891  INFO 8084 --- [restartedMain] o.a.c.c.C.[Tomcat].[localhost].[/]       : Initializing Spring embedded WebApplicationContext
2023-12-30 13:53:34.891  INFO 8084 --- [restartedMain] o.s.web.context.ContextLoader            : Root WebApplicationContext: initialization completed in 18768 ms
2023-12-30 13:53:35.096  INFO 8084 --- [restartedMain] com.zaxxer.hikari.HikariDataSource       : HikariPool-1 - Starting...
2023-12-30 13:53:35.658  INFO 8084 --- [restartedMain] com.zaxxer.hikari.HikariDataSource       : HikariPool-1 - Start completed.
2023-12-30 13:53:38.061  INFO 8084 --- [restartedMain] pertySourcedRequestMappingHandlerMapping : Mapped URL path [/v2/api-docs] onto method [springfox.documentation.swagger2.web.Swagger2Controller#getDocumentation(String, HttpServletRequest)]
2023-12-30 13:53:38.246  INFO 8084 --- [restartedMain] o.s.s.web.DefaultSecurityFilterChain     : Creating filter chain: any request, [org.springframework.security.web.context.request.async.WebAsyncManagerIntegrationFilter@7563221f, org.springframework.security.web.context.SecurityContextPersistenceFilter@73530ed0, org.springframework.security.web.header.HeaderWriterFilter@5f9ffabd, org.springframework.web.filter.CorsFilter@76a0f8c8, org.springframework.web.filter.CorsFilter@58ad7406, org.springframework.security.web.authentication.logout.LogoutFilter@71c69bee, com.ishanitech.ipalika.security.TokenAuthenticationFilter@123853ed, com.ishanitech.ipalika.security.TokenAuthorizationFilter@5a4895f2, org.springframework.security.web.savedrequest.RequestCacheAwareFilter@3b64db0b, org.springframework.security.web.servletapi.SecurityContextHolderAwareRequestFilter@38fe15d5, org.springframework.security.web.authentication.AnonymousAuthenticationFilter@36d7377e, org.springframework.security.web.session.SessionManagementFilter@79de7716, org.springframework.security.web.access.ExceptionTranslationFilter@54fdb559, org.springframework.security.web.access.intercept.FilterSecurityInterceptor@667f4d62]
2023-12-30 13:53:38.515  INFO 8084 --- [restartedMain] o.s.s.concurrent.ThreadPoolTaskExecutor  : Initializing ExecutorService 'applicationTaskExecutor'
2023-12-30 13:53:38.564  INFO 8084 --- [restartedMain] o.s.b.d.a.OptionalLiveReloadServer       : LiveReload server is running on port 35729
2023-12-30 13:53:38.991  INFO 8084 --- [restartedMain] o.f.c.internal.license.VersionPrinter    : Flyway Community Edition 6.0.8 by Redgate
2023-12-30 13:53:39.064  INFO 8084 --- [restartedMain] o.f.c.internal.database.DatabaseFactory  : Database: jdbc:mysql://localhost:3306/ipalika_dakshinkali (MySQL 11.2)
2023-12-30 13:53:39.522  WARN 8084 --- [restartedMain] o.f.c.internal.database.base.Database    : Flyway upgrade recommended: MariaDB 11.2 is newer than this version of Flyway and support has not been tested. The latest supported version of MariaDB is 10.4.
2023-12-30 13:53:40.104  INFO 8084 --- [restartedMain] o.f.core.internal.command.DbValidate     : Successfully validated 2 migrations (execution time 00:00.550s)
2023-12-30 13:53:40.124  INFO 8084 --- [restartedMain] o.f.core.internal.command.DbMigrate      : Current version of schema `ipalika_dakshinkali`: 1.1
2023-12-30 13:53:40.124  INFO 8084 --- [restartedMain] o.f.core.internal.command.DbMigrate      : Schema `ipalika_dakshinkali` is up to date. No migration necessary.
2023-12-30 13:53:40.683  INFO 8084 --- [restartedMain] o.s.s.c.ThreadPoolTaskScheduler          : Initializing ExecutorService 'taskScheduler'
2023-12-30 13:53:40.909  INFO 8084 --- [restartedMain] d.s.w.p.DocumentationPluginsBootstrapper : Context refreshed
2023-12-30 13:53:41.208  INFO 8084 --- [restartedMain] d.s.w.p.DocumentationPluginsBootstrapper : Found 1 custom documentation plugin(s)
2023-12-30 13:53:41.480  INFO 8084 --- [restartedMain] s.d.s.w.s.ApiListingReferenceScanner     : Scanning for api listing references
2023-12-30 13:53:41.894  INFO 8084 --- [restartedMain] .d.s.w.r.o.CachingOperationNameGenerator : Generating unique operation named: getFavouritePlacesUsingGET_1
2023-12-30 13:53:42.900  INFO 8084 --- [restartedMain] .d.s.w.r.o.CachingOperationNameGenerator : Generating unique operation named: getNextLotResidentUsingPOST_1
2023-12-30 13:53:42.916  INFO 8084 --- [restartedMain] .d.s.w.r.o.CachingOperationNameGenerator : Generating unique operation named: getResidentbyPageLimitUsingPOST_1
2023-12-30 13:53:42.966  INFO 8084 --- [restartedMain] .d.s.w.r.o.CachingOperationNameGenerator : Generating unique operation named: getResidentsUsingPOST_1
2023-12-30 13:53:42.972  INFO 8084 --- [restartedMain] .d.s.w.r.o.CachingOperationNameGenerator : Generating unique operation named: getSortedResidentUsingPOST_1
2023-12-30 13:53:42.994  INFO 8084 --- [restartedMain] .d.s.w.r.o.CachingOperationNameGenerator : Generating unique operation named: searchResidentUsingPOST_1
2023-12-30 13:53:42.997  INFO 8084 --- [restartedMain] .d.s.w.r.o.CachingOperationNameGenerator : Generating unique operation named: searchResidentofToleUsingPOST_1
2023-12-30 13:53:43.014  INFO 8084 --- [restartedMain] .d.s.w.r.o.CachingOperationNameGenerator : Generating unique operation named: searchResidentofWardUsingPOST_1
2023-12-30 13:53:43.548  INFO 8084 --- [restartedMain] o.s.b.w.embedded.tomcat.TomcatWebServer  : Tomcat started on port(s): 8888 (http) with context path ''
2023-12-30 13:53:43.548  INFO 8084 --- [restartedMain] c.i.i.IpalikaDataCollectionApplication   : Started IpalikaDataCollectionApplication in 35.374 seconds (JVM running for 48.257)
2023-12-30 14:01:15.497  INFO 8084 --- [http-nio-8888-exec-1] o.a.c.c.C.[Tomcat].[localhost].[/]       : Initializing Spring DispatcherServlet 'dispatcherServlet'
2023-12-30 14:01:15.498  INFO 8084 --- [http-nio-8888-exec-1] o.s.web.servlet.DispatcherServlet        : Initializing Servlet 'dispatcherServlet'
2023-12-30 14:01:15.530  INFO 8084 --- [http-nio-8888-exec-1] o.s.web.servlet.DispatcherServlet        : Completed initialization in 30 ms
2023-12-30 14:01:52.541  INFO 8084 --- [http-nio-8888-exec-4] c.i.i.controller.ResidentController      : Roles-->RoleWardDTO(role=0, wardNumber=0, urlObject=RoleWardDTO.UrlObject(goBack=false, wardNo=0, prevLastItemId=0, lastSeenId=0, searchKey=, toleName=, currentPage=0, pageLimit=0, backFrom=))
2023-12-30 14:02:28.500  INFO 8084 --- [http-nio-8888-exec-5] c.i.i.s.impl.SurveyAnswerServiceImpl     : 5
2023-12-30 14:02:28.500  INFO 8084 --- [http-nio-8888-exec-9] c.i.i.s.impl.SurveyAnswerServiceImpl     : 5
2023-12-30 14:02:28.529  INFO 8084 --- [http-nio-8888-exec-5] c.i.i.s.impl.SurveyAnswerServiceImpl     : 2
2023-12-30 14:02:28.529  INFO 8084 --- [http-nio-8888-exec-9] c.i.i.s.impl.SurveyAnswerServiceImpl     : 2
2023-12-30 14:02:28.529  INFO 8084 --- [http-nio-8888-exec-5] c.i.i.s.impl.SurveyAnswerServiceImpl     : 0
2023-12-30 14:02:28.529  INFO 8084 --- [http-nio-8888-exec-9] c.i.i.s.impl.SurveyAnswerServiceImpl     : 0
2023-12-30 14:02:28.529  INFO 8084 --- [http-nio-8888-exec-5] c.i.i.s.impl.SurveyAnswerServiceImpl     : 0
2023-12-30 14:02:28.529  INFO 8084 --- [http-nio-8888-exec-9] c.i.i.s.impl.SurveyAnswerServiceImpl     : 0
2023-12-30 14:02:28.529  INFO 8084 --- [http-nio-8888-exec-5] c.i.i.s.impl.SurveyAnswerServiceImpl     : 1
2023-12-30 14:02:28.529  INFO 8084 --- [http-nio-8888-exec-9] c.i.i.s.impl.SurveyAnswerServiceImpl     : 1
2023-12-30 14:02:28.529  INFO 8084 --- [http-nio-8888-exec-5] c.i.i.s.impl.SurveyAnswerServiceImpl     : 5:1
2023-12-30 14:02:28.529  INFO 8084 --- [http-nio-8888-exec-9] c.i.i.s.impl.SurveyAnswerServiceImpl     : 5:1
2023-12-30 14:02:28.532  INFO 8084 --- [http-nio-8888-exec-9] c.i.i.s.impl.SurveyAnswerServiceImpl     : 0
2023-12-30 14:02:28.532  INFO 8084 --- [http-nio-8888-exec-5] c.i.i.s.impl.SurveyAnswerServiceImpl     : 0
2023-12-30 14:02:28.532  INFO 8084 --- [http-nio-8888-exec-9] c.i.i.s.impl.SurveyAnswerServiceImpl     : 0
2023-12-30 14:02:28.532  INFO 8084 --- [http-nio-8888-exec-5] c.i.i.s.impl.SurveyAnswerServiceImpl     : 0
2023-12-30 14:02:28.532  INFO 8084 --- [http-nio-8888-exec-9] c.i.i.s.impl.SurveyAnswerServiceImpl     : 1
2023-12-30 14:02:28.532  INFO 8084 --- [http-nio-8888-exec-5] c.i.i.s.impl.SurveyAnswerServiceImpl     : 1
2023-12-30 14:02:28.532  INFO 8084 --- [http-nio-8888-exec-9] c.i.i.s.impl.SurveyAnswerServiceImpl     : 4
2023-12-30 14:02:28.532  INFO 8084 --- [http-nio-8888-exec-5] c.i.i.s.impl.SurveyAnswerServiceImpl     : 4
2023-12-30 14:02:28.532  INFO 8084 --- [http-nio-8888-exec-9] c.i.i.s.impl.SurveyAnswerServiceImpl     : 1
2023-12-30 14:02:28.532  INFO 8084 --- [http-nio-8888-exec-5] c.i.i.s.impl.SurveyAnswerServiceImpl     : 1
2023-12-30 14:02:28.532  INFO 8084 --- [http-nio-8888-exec-9] c.i.i.s.impl.SurveyAnswerServiceImpl     : 1
2023-12-30 14:02:28.532  INFO 8084 --- [http-nio-8888-exec-5] c.i.i.s.impl.SurveyAnswerServiceImpl     : 1
2023-12-30 14:02:28.532  INFO 8084 --- [http-nio-8888-exec-9] c.i.i.s.impl.SurveyAnswerServiceImpl     : 3
2023-12-30 14:02:28.532  INFO 8084 --- [http-nio-8888-exec-5] c.i.i.s.impl.SurveyAnswerServiceImpl     : 3
2023-12-30 14:02:28.532  INFO 8084 --- [http-nio-8888-exec-9] c.i.i.s.impl.SurveyAnswerServiceImpl     : 1,2,3,4,5,6,7
2023-12-30 14:02:28.532  INFO 8084 --- [http-nio-8888-exec-5] c.i.i.s.impl.SurveyAnswerServiceImpl     : 1,2,3,4,5,6,7
2023-12-30 14:02:28.532  INFO 8084 --- [http-nio-8888-exec-9] c.i.i.s.impl.SurveyAnswerServiceImpl     : 1
2023-12-30 14:02:28.532  INFO 8084 --- [http-nio-8888-exec-5] c.i.i.s.impl.SurveyAnswerServiceImpl     : 1
2023-12-30 14:02:28.532  INFO 8084 --- [http-nio-8888-exec-9] c.i.i.s.impl.SurveyAnswerServiceImpl     : 4:1
2023-12-30 14:02:28.532  INFO 8084 --- [http-nio-8888-exec-5] c.i.i.s.impl.SurveyAnswerServiceImpl     : 4:1
2023-12-30 14:02:28.532  INFO 8084 --- [http-nio-8888-exec-9] c.i.i.s.impl.SurveyAnswerServiceImpl     : 9:1
2023-12-30 14:02:28.540  INFO 8084 --- [http-nio-8888-exec-9] c.i.i.s.impl.SurveyAnswerServiceImpl     : 6
2023-12-30 14:02:28.540  INFO 8084 --- [http-nio-8888-exec-9] c.i.i.s.impl.SurveyAnswerServiceImpl     : 0
2023-12-30 14:02:28.540  INFO 8084 --- [http-nio-8888-exec-9] c.i.i.s.impl.SurveyAnswerServiceImpl     : 0
2023-12-30 14:02:28.540  INFO 8084 --- [http-nio-8888-exec-5] c.i.i.s.impl.SurveyAnswerServiceImpl     : 9:1
2023-12-30 14:02:28.540  INFO 8084 --- [http-nio-8888-exec-9] c.i.i.s.impl.SurveyAnswerServiceImpl     : 0
2023-12-30 14:02:28.540  INFO 8084 --- [http-nio-8888-exec-5] c.i.i.s.impl.SurveyAnswerServiceImpl     : 6
2023-12-30 14:02:28.540  INFO 8084 --- [http-nio-8888-exec-9] c.i.i.s.impl.SurveyAnswerServiceImpl     : 0,1,2,3
2023-12-30 14:02:28.540  INFO 8084 --- [http-nio-8888-exec-5] c.i.i.s.impl.SurveyAnswerServiceImpl     : 0
2023-12-30 14:02:28.540  INFO 8084 --- [http-nio-8888-exec-5] c.i.i.s.impl.SurveyAnswerServiceImpl     : 0
2023-12-30 14:02:28.540  INFO 8084 --- [http-nio-8888-exec-9] c.i.i.s.impl.SurveyAnswerServiceImpl     : 0
2023-12-30 14:02:28.540  INFO 8084 --- [http-nio-8888-exec-9] c.i.i.s.impl.SurveyAnswerServiceImpl     : 1
2023-12-30 14:02:28.540  INFO 8084 --- [http-nio-8888-exec-5] c.i.i.s.impl.SurveyAnswerServiceImpl     : 0
2023-12-30 14:02:28.540  INFO 8084 --- [http-nio-8888-exec-9] c.i.i.s.impl.SurveyAnswerServiceImpl     : 1
2023-12-30 14:02:28.540  INFO 8084 --- [http-nio-8888-exec-5] c.i.i.s.impl.SurveyAnswerServiceImpl     : 0,1,2,3
2023-12-30 14:02:28.540  INFO 8084 --- [http-nio-8888-exec-9] c.i.i.s.impl.SurveyAnswerServiceImpl     : 9:4
2023-12-30 14:02:28.540  INFO 8084 --- [http-nio-8888-exec-9] c.i.i.s.impl.SurveyAnswerServiceImpl     : 3
2023-12-30 14:02:28.540  INFO 8084 --- [http-nio-8888-exec-5] c.i.i.s.impl.SurveyAnswerServiceImpl     : 0
2023-12-30 14:02:28.540  INFO 8084 --- [http-nio-8888-exec-9] c.i.i.s.impl.SurveyAnswerServiceImpl     : 5000
2023-12-30 14:02:28.540  INFO 8084 --- [http-nio-8888-exec-5] c.i.i.s.impl.SurveyAnswerServiceImpl     : 1
2023-12-30 14:02:28.540  INFO 8084 --- [http-nio-8888-exec-9] c.i.i.s.impl.SurveyAnswerServiceImpl     : 7:1
2023-12-30 14:02:28.540  INFO 8084 --- [http-nio-8888-exec-5] c.i.i.s.impl.SurveyAnswerServiceImpl     : 1
2023-12-30 14:02:28.540  INFO 8084 --- [http-nio-8888-exec-5] c.i.i.s.impl.SurveyAnswerServiceImpl     : 9:4
2023-12-30 14:02:28.540  INFO 8084 --- [http-nio-8888-exec-9] c.i.i.s.impl.SurveyAnswerServiceImpl     : 7:1
2023-12-30 14:02:28.540  INFO 8084 --- [http-nio-8888-exec-5] c.i.i.s.impl.SurveyAnswerServiceImpl     : 3
2023-12-30 14:02:28.540  INFO 8084 --- [http-nio-8888-exec-9] c.i.i.s.impl.SurveyAnswerServiceImpl     : 3
2023-12-30 14:02:28.548  INFO 8084 --- [http-nio-8888-exec-9] c.i.i.s.impl.SurveyAnswerServiceImpl     : 2:1
2023-12-30 14:02:28.548  INFO 8084 --- [http-nio-8888-exec-5] c.i.i.s.impl.SurveyAnswerServiceImpl     : 5000
2023-12-30 14:02:28.548  INFO 8084 --- [http-nio-8888-exec-9] c.i.i.s.impl.SurveyAnswerServiceImpl     : 2:1
2023-12-30 14:02:28.548  INFO 8084 --- [http-nio-8888-exec-5] c.i.i.s.impl.SurveyAnswerServiceImpl     : 7:1
2023-12-30 14:02:28.548  INFO 8084 --- [http-nio-8888-exec-9] c.i.i.s.impl.SurveyAnswerServiceImpl     : 0
2023-12-30 14:02:28.548  INFO 8084 --- [http-nio-8888-exec-5] c.i.i.s.impl.SurveyAnswerServiceImpl     : 7:1
2023-12-30 14:02:28.548  INFO 8084 --- [http-nio-8888-exec-9] c.i.i.s.impl.SurveyAnswerServiceImpl     : 1
2023-12-30 14:02:28.548  INFO 8084 --- [http-nio-8888-exec-5] c.i.i.s.impl.SurveyAnswerServiceImpl     : 3
2023-12-30 14:02:28.556  INFO 8084 --- [http-nio-8888-exec-9] c.i.i.s.impl.SurveyAnswerServiceImpl     : 2
2023-12-30 14:02:28.556  INFO 8084 --- [http-nio-8888-exec-5] c.i.i.s.impl.SurveyAnswerServiceImpl     : 2:1
2023-12-30 14:02:28.556  INFO 8084 --- [http-nio-8888-exec-9] c.i.i.s.impl.SurveyAnswerServiceImpl     : 6
2023-12-30 14:02:28.556  INFO 8084 --- [http-nio-8888-exec-5] c.i.i.s.impl.SurveyAnswerServiceImpl     : 2:1
2023-12-30 14:02:28.556  INFO 8084 --- [http-nio-8888-exec-9] c.i.i.s.impl.SurveyAnswerServiceImpl     : 1
2023-12-30 14:02:28.556  INFO 8084 --- [http-nio-8888-exec-5] c.i.i.s.impl.SurveyAnswerServiceImpl     : 0
2023-12-30 14:02:28.556  INFO 8084 --- [http-nio-8888-exec-9] c.i.i.s.impl.SurveyAnswerServiceImpl     : 1
2023-12-30 14:02:28.556  INFO 8084 --- [http-nio-8888-exec-5] c.i.i.s.impl.SurveyAnswerServiceImpl     : 1
2023-12-30 14:02:28.556  INFO 8084 --- [http-nio-8888-exec-9] c.i.i.s.impl.SurveyAnswerServiceImpl     : 1
2023-12-30 14:02:28.556  INFO 8084 --- [http-nio-8888-exec-5] c.i.i.s.impl.SurveyAnswerServiceImpl     : 2
2023-12-30 14:02:28.556  INFO 8084 --- [http-nio-8888-exec-9] c.i.i.s.impl.SurveyAnswerServiceImpl     : 2
2023-12-30 14:02:28.556  INFO 8084 --- [http-nio-8888-exec-5] c.i.i.s.impl.SurveyAnswerServiceImpl     : 6
2023-12-30 14:02:28.556  INFO 8084 --- [http-nio-8888-exec-9] c.i.i.s.impl.SurveyAnswerServiceImpl     : 1
2023-12-30 14:02:28.556  INFO 8084 --- [http-nio-8888-exec-5] c.i.i.s.impl.SurveyAnswerServiceImpl     : 1
2023-12-30 14:02:28.556  INFO 8084 --- [http-nio-8888-exec-9] c.i.i.s.impl.SurveyAnswerServiceImpl     : 2
2023-12-30 14:02:28.556  INFO 8084 --- [http-nio-8888-exec-5] c.i.i.s.impl.SurveyAnswerServiceImpl     : 1
2023-12-30 14:02:28.556  INFO 8084 --- [http-nio-8888-exec-9] c.i.i.s.impl.SurveyAnswerServiceImpl     : 0:1
2023-12-30 14:02:28.556  INFO 8084 --- [http-nio-8888-exec-5] c.i.i.s.impl.SurveyAnswerServiceImpl     : 1
2023-12-30 14:02:28.556  INFO 8084 --- [http-nio-8888-exec-9] c.i.i.s.impl.SurveyAnswerServiceImpl     : 1
2023-12-30 14:02:28.556  INFO 8084 --- [http-nio-8888-exec-5] c.i.i.s.impl.SurveyAnswerServiceImpl     : 2
2023-12-30 14:02:28.556  INFO 8084 --- [http-nio-8888-exec-9] c.i.i.s.impl.SurveyAnswerServiceImpl     : 0
2023-12-30 14:02:28.556  INFO 8084 --- [http-nio-8888-exec-5] c.i.i.s.impl.SurveyAnswerServiceImpl     : 1
2023-12-30 14:02:28.556  INFO 8084 --- [http-nio-8888-exec-9] c.i.i.s.impl.SurveyAnswerServiceImpl     : 0:2
2023-12-30 14:02:28.556  INFO 8084 --- [http-nio-8888-exec-5] c.i.i.s.impl.SurveyAnswerServiceImpl     : 2
2023-12-30 14:02:28.556  INFO 8084 --- [http-nio-8888-exec-9] c.i.i.s.impl.SurveyAnswerServiceImpl     : 1
2023-12-30 14:02:28.556  INFO 8084 --- [http-nio-8888-exec-9] c.i.i.s.impl.SurveyAnswerServiceImpl     : 0
2023-12-30 14:02:28.556  INFO 8084 --- [http-nio-8888-exec-5] c.i.i.s.impl.SurveyAnswerServiceImpl     : 0:1
2023-12-30 14:02:28.556  INFO 8084 --- [http-nio-8888-exec-9] c.i.i.s.impl.SurveyAnswerServiceImpl     : 1
2023-12-30 14:02:28.556  INFO 8084 --- [http-nio-8888-exec-5] c.i.i.s.impl.SurveyAnswerServiceImpl     : 1
2023-12-30 14:02:28.556  INFO 8084 --- [http-nio-8888-exec-9] c.i.i.s.impl.SurveyAnswerServiceImpl     : 1
2023-12-30 14:02:28.556  INFO 8084 --- [http-nio-8888-exec-5] c.i.i.s.impl.SurveyAnswerServiceImpl     : 0
2023-12-30 14:02:28.556  INFO 8084 --- [http-nio-8888-exec-9] c.i.i.s.impl.SurveyAnswerServiceImpl     : 0:1
2023-12-30 14:02:28.562  INFO 8084 --- [http-nio-8888-exec-5] c.i.i.s.impl.SurveyAnswerServiceImpl     : 0:2
2023-12-30 14:02:28.562  INFO 8084 --- [http-nio-8888-exec-9] c.i.i.s.impl.SurveyAnswerServiceImpl     : 2
2023-12-30 14:02:28.562  INFO 8084 --- [http-nio-8888-exec-5] c.i.i.s.impl.SurveyAnswerServiceImpl     : 1
2023-12-30 14:02:28.562  INFO 8084 --- [http-nio-8888-exec-9] c.i.i.s.impl.SurveyAnswerServiceImpl     : 1
2023-12-30 14:02:28.562  INFO 8084 --- [http-nio-8888-exec-5] c.i.i.s.impl.SurveyAnswerServiceImpl     : 0
2023-12-30 14:02:28.562  INFO 8084 --- [http-nio-8888-exec-9] c.i.i.s.impl.SurveyAnswerServiceImpl     : 8
2023-12-30 14:02:28.562  INFO 8084 --- [http-nio-8888-exec-5] c.i.i.s.impl.SurveyAnswerServiceImpl     : 1
2023-12-30 14:02:28.562  INFO 8084 --- [http-nio-8888-exec-9] c.i.i.s.impl.SurveyAnswerServiceImpl     : 6
2023-12-30 14:02:28.562  INFO 8084 --- [http-nio-8888-exec-5] c.i.i.s.impl.SurveyAnswerServiceImpl     : 1
2023-12-30 14:02:28.562  INFO 8084 --- [http-nio-8888-exec-9] c.i.i.s.impl.SurveyAnswerServiceImpl     : 9
2023-12-30 14:02:28.562  INFO 8084 --- [http-nio-8888-exec-5] c.i.i.s.impl.SurveyAnswerServiceImpl     : 0:1
2023-12-30 14:02:28.562  INFO 8084 --- [http-nio-8888-exec-9] c.i.i.s.impl.SurveyAnswerServiceImpl     : 0,8,9
2023-12-30 14:02:28.562  INFO 8084 --- [http-nio-8888-exec-5] c.i.i.s.impl.SurveyAnswerServiceImpl     : 2
2023-12-30 14:02:28.564  INFO 8084 --- [http-nio-8888-exec-9] c.i.i.s.impl.SurveyAnswerServiceImpl     : 5
2023-12-30 14:02:28.564  INFO 8084 --- [http-nio-8888-exec-5] c.i.i.s.impl.SurveyAnswerServiceImpl     : 1
2023-12-30 14:02:28.564  INFO 8084 --- [http-nio-8888-exec-5] c.i.i.s.impl.SurveyAnswerServiceImpl     : 8
2023-12-30 14:02:28.564  INFO 8084 --- [http-nio-8888-exec-9] c.i.i.s.impl.SurveyAnswerServiceImpl     : 1
2023-12-30 14:02:28.564  INFO 8084 --- [http-nio-8888-exec-5] c.i.i.s.impl.SurveyAnswerServiceImpl     : 6
2023-12-30 14:02:28.564  INFO 8084 --- [http-nio-8888-exec-9] c.i.i.s.impl.SurveyAnswerServiceImpl     : 1:1
2023-12-30 14:02:28.564  INFO 8084 --- [http-nio-8888-exec-5] c.i.i.s.impl.SurveyAnswerServiceImpl     : 9
2023-12-30 14:02:28.564  INFO 8084 --- [http-nio-8888-exec-9] c.i.i.s.impl.SurveyAnswerServiceImpl     : 2:1
2023-12-30 14:02:28.564  INFO 8084 --- [http-nio-8888-exec-5] c.i.i.s.impl.SurveyAnswerServiceImpl     : 0,8,9
2023-12-30 14:02:28.564  INFO 8084 --- [http-nio-8888-exec-9] c.i.i.s.impl.SurveyAnswerServiceImpl     : 1:1
2023-12-30 14:02:28.564  INFO 8084 --- [http-nio-8888-exec-5] c.i.i.s.impl.SurveyAnswerServiceImpl     : 5
2023-12-30 14:02:28.564  INFO 8084 --- [http-nio-8888-exec-9] c.i.i.s.impl.SurveyAnswerServiceImpl     : 2
2023-12-30 14:02:28.564  INFO 8084 --- [http-nio-8888-exec-5] c.i.i.s.impl.SurveyAnswerServiceImpl     : 1
2023-12-30 14:02:28.564  INFO 8084 --- [http-nio-8888-exec-9] c.i.i.s.impl.SurveyAnswerServiceImpl     : 2:1
2023-12-30 14:02:28.564  INFO 8084 --- [http-nio-8888-exec-5] c.i.i.s.impl.SurveyAnswerServiceImpl     : 1:1
2023-12-30 14:02:28.564  INFO 8084 --- [http-nio-8888-exec-9] c.i.i.s.impl.SurveyAnswerServiceImpl     : 0
2023-12-30 14:02:28.564  INFO 8084 --- [http-nio-8888-exec-5] c.i.i.s.impl.SurveyAnswerServiceImpl     : 2:1
2023-12-30 14:02:28.564  INFO 8084 --- [http-nio-8888-exec-9] c.i.i.s.impl.SurveyAnswerServiceImpl     : 1
2023-12-30 14:02:28.564  INFO 8084 --- [http-nio-8888-exec-9] c.i.i.s.impl.SurveyAnswerServiceImpl     : 1,2
2023-12-30 14:02:28.564  INFO 8084 --- [http-nio-8888-exec-5] c.i.i.s.impl.SurveyAnswerServiceImpl     : 1:1
2023-12-30 14:02:28.564  INFO 8084 --- [http-nio-8888-exec-9] c.i.i.s.impl.SurveyAnswerServiceImpl     : 1
2023-12-30 14:02:28.564  INFO 8084 --- [http-nio-8888-exec-5] c.i.i.s.impl.SurveyAnswerServiceImpl     : 2
2023-12-30 14:02:28.564  INFO 8084 --- [http-nio-8888-exec-9] c.i.i.s.impl.SurveyAnswerServiceImpl     : 15
2023-12-30 14:02:28.564  INFO 8084 --- [http-nio-8888-exec-5] c.i.i.s.impl.SurveyAnswerServiceImpl     : 2:1
2023-12-30 14:02:28.564  INFO 8084 --- [http-nio-8888-exec-9] c.i.i.s.impl.SurveyAnswerServiceImpl     : 0
2023-12-30 14:02:28.564  INFO 8084 --- [http-nio-8888-exec-5] c.i.i.s.impl.SurveyAnswerServiceImpl     : 0
2023-12-30 14:02:28.564  INFO 8084 --- [http-nio-8888-exec-9] c.i.i.s.impl.SurveyAnswerServiceImpl     : 0
2023-12-30 14:02:28.564  INFO 8084 --- [http-nio-8888-exec-5] c.i.i.s.impl.SurveyAnswerServiceImpl     : 1
2023-12-30 14:02:28.564  INFO 8084 --- [http-nio-8888-exec-5] c.i.i.s.impl.SurveyAnswerServiceImpl     : 1,2
2023-12-30 14:02:28.564  INFO 8084 --- [http-nio-8888-exec-5] c.i.i.s.impl.SurveyAnswerServiceImpl     : 1
2023-12-30 14:02:28.564  INFO 8084 --- [http-nio-8888-exec-5] c.i.i.s.impl.SurveyAnswerServiceImpl     : 15
2023-12-30 14:02:28.564  INFO 8084 --- [http-nio-8888-exec-5] c.i.i.s.impl.SurveyAnswerServiceImpl     : 0
2023-12-30 14:02:28.564  INFO 8084 --- [http-nio-8888-exec-5] c.i.i.s.impl.SurveyAnswerServiceImpl     : 0
2023-12-30 14:02:59.807  INFO 8084 --- [http-nio-8888-exec-9] c.i.i.controller.ResidentController      : Roles-->RoleWardDTO(role=0, wardNumber=0, urlObject=RoleWardDTO.UrlObject(goBack=false, wardNo=0, prevLastItemId=0, lastSeenId=0, searchKey=, toleName=, currentPage=0, pageLimit=0, backFrom=))
2023-12-30 14:03:04.941  INFO 8084 --- [http-nio-8888-exec-1] c.i.i.s.impl.SurveyAnswerServiceImpl     : 4
2023-12-30 14:03:04.941  INFO 8084 --- [http-nio-8888-exec-1] c.i.i.s.impl.SurveyAnswerServiceImpl     : 2
2023-12-30 14:03:04.941  INFO 8084 --- [http-nio-8888-exec-1] c.i.i.s.impl.SurveyAnswerServiceImpl     : 1
2023-12-30 14:03:04.941  INFO 8084 --- [http-nio-8888-exec-1] c.i.i.s.impl.SurveyAnswerServiceImpl     : 3
2023-12-30 14:03:04.941  INFO 8084 --- [http-nio-8888-exec-1] c.i.i.s.impl.SurveyAnswerServiceImpl     : 1
2023-12-30 14:03:04.941  INFO 8084 --- [http-nio-8888-exec-1] c.i.i.s.impl.SurveyAnswerServiceImpl     : 2:1
2023-12-30 14:03:04.941  INFO 8084 --- [http-nio-8888-exec-1] c.i.i.s.impl.SurveyAnswerServiceImpl     : 3
2023-12-30 14:03:04.941  INFO 8084 --- [http-nio-8888-exec-1] c.i.i.s.impl.SurveyAnswerServiceImpl     : 0
2023-12-30 14:03:04.941  INFO 8084 --- [http-nio-8888-exec-1] c.i.i.s.impl.SurveyAnswerServiceImpl     : 0
2023-12-30 14:03:04.941  INFO 8084 --- [http-nio-8888-exec-1] c.i.i.s.impl.SurveyAnswerServiceImpl     : 0
2023-12-30 14:03:04.941  INFO 8084 --- [http-nio-8888-exec-1] c.i.i.s.impl.SurveyAnswerServiceImpl     : 0
2023-12-30 14:03:04.941  INFO 8084 --- [http-nio-8888-exec-1] c.i.i.s.impl.SurveyAnswerServiceImpl     : 0
2023-12-30 14:03:04.941  INFO 8084 --- [http-nio-8888-exec-1] c.i.i.s.impl.SurveyAnswerServiceImpl     : 3
2023-12-30 14:03:04.941  INFO 8084 --- [http-nio-8888-exec-1] c.i.i.s.impl.SurveyAnswerServiceImpl     : 7,5,6,4,3,2,1
2023-12-30 14:03:04.941  INFO 8084 --- [http-nio-8888-exec-1] c.i.i.s.impl.SurveyAnswerServiceImpl     : 1
2023-12-30 14:03:04.941  INFO 8084 --- [http-nio-8888-exec-1] c.i.i.s.impl.SurveyAnswerServiceImpl     : 4:1
2023-12-30 14:03:04.941  INFO 8084 --- [http-nio-8888-exec-1] c.i.i.s.impl.SurveyAnswerServiceImpl     : 9:1
2023-12-30 14:03:04.941  INFO 8084 --- [http-nio-8888-exec-1] c.i.i.s.impl.SurveyAnswerServiceImpl     : 6
2023-12-30 14:03:04.941  INFO 8084 --- [http-nio-8888-exec-1] c.i.i.s.impl.SurveyAnswerServiceImpl     : 0
2023-12-30 14:03:04.941  INFO 8084 --- [http-nio-8888-exec-1] c.i.i.s.impl.SurveyAnswerServiceImpl     : 0,2
2023-12-30 14:03:04.941  INFO 8084 --- [http-nio-8888-exec-1] c.i.i.s.impl.SurveyAnswerServiceImpl     : 0
2023-12-30 14:03:04.941  INFO 8084 --- [http-nio-8888-exec-1] c.i.i.s.impl.SurveyAnswerServiceImpl     : 1,2,3
2023-12-30 14:03:04.941  INFO 8084 --- [http-nio-8888-exec-1] c.i.i.s.impl.SurveyAnswerServiceImpl     : 0
2023-12-30 14:03:04.941  INFO 8084 --- [http-nio-8888-exec-1] c.i.i.s.impl.SurveyAnswerServiceImpl     : 1
2023-12-30 14:03:04.941  INFO 8084 --- [http-nio-8888-exec-1] c.i.i.s.impl.SurveyAnswerServiceImpl     : 0
2023-12-30 14:03:04.941  INFO 8084 --- [http-nio-8888-exec-1] c.i.i.s.impl.SurveyAnswerServiceImpl     : 1:3,9:6
2023-12-30 14:03:04.952  INFO 8084 --- [http-nio-8888-exec-1] c.i.i.s.impl.SurveyAnswerServiceImpl     : 3
2023-12-30 14:03:04.952  INFO 8084 --- [http-nio-8888-exec-1] c.i.i.s.impl.SurveyAnswerServiceImpl     : 50000
2023-12-30 14:03:04.952  INFO 8084 --- [http-nio-8888-exec-1] c.i.i.s.impl.SurveyAnswerServiceImpl     : 7:1
2023-12-30 14:03:04.952  INFO 8084 --- [http-nio-8888-exec-1] c.i.i.s.impl.SurveyAnswerServiceImpl     : 7:1
2023-12-30 14:03:04.953  INFO 8084 --- [http-nio-8888-exec-1] c.i.i.s.impl.SurveyAnswerServiceImpl     : 4
2023-12-30 14:03:04.953  INFO 8084 --- [http-nio-8888-exec-1] c.i.i.s.impl.SurveyAnswerServiceImpl     : 2:1
2023-12-30 14:03:04.955  INFO 8084 --- [http-nio-8888-exec-1] c.i.i.s.impl.SurveyAnswerServiceImpl     : 2:1
2023-12-30 14:03:04.956  INFO 8084 --- [http-nio-8888-exec-1] c.i.i.s.impl.SurveyAnswerServiceImpl     : 4
2023-12-30 14:03:04.956  INFO 8084 --- [http-nio-8888-exec-1] c.i.i.s.impl.SurveyAnswerServiceImpl     : 1
2023-12-30 14:03:04.956  INFO 8084 --- [http-nio-8888-exec-1] c.i.i.s.impl.SurveyAnswerServiceImpl     : 2
2023-12-30 14:03:04.956  INFO 8084 --- [http-nio-8888-exec-1] c.i.i.s.impl.SurveyAnswerServiceImpl     : 6
2023-12-30 14:03:04.956  INFO 8084 --- [http-nio-8888-exec-1] c.i.i.s.impl.SurveyAnswerServiceImpl     : 1
2023-12-30 14:03:04.956  INFO 8084 --- [http-nio-8888-exec-1] c.i.i.s.impl.SurveyAnswerServiceImpl     : 1
2023-12-30 14:03:04.956  INFO 8084 --- [http-nio-8888-exec-1] c.i.i.s.impl.SurveyAnswerServiceImpl     : 1
2023-12-30 14:03:04.956  INFO 8084 --- [http-nio-8888-exec-1] c.i.i.s.impl.SurveyAnswerServiceImpl     : 0
2023-12-30 14:03:04.956  INFO 8084 --- [http-nio-8888-exec-1] c.i.i.s.impl.SurveyAnswerServiceImpl     : 0
2023-12-30 14:03:04.956  INFO 8084 --- [http-nio-8888-exec-1] c.i.i.s.impl.SurveyAnswerServiceImpl     : 2
2023-12-30 14:03:04.956  INFO 8084 --- [http-nio-8888-exec-1] c.i.i.s.impl.SurveyAnswerServiceImpl     : 2:1
2023-12-30 14:03:04.956  INFO 8084 --- [http-nio-8888-exec-1] c.i.i.s.impl.SurveyAnswerServiceImpl     : 2
2023-12-30 14:03:04.956  INFO 8084 --- [http-nio-8888-exec-1] c.i.i.s.impl.SurveyAnswerServiceImpl     : 0,1,2
2023-12-30 14:03:04.956  INFO 8084 --- [http-nio-8888-exec-1] c.i.i.s.impl.SurveyAnswerServiceImpl     : 0:1
2023-12-30 14:03:04.956  INFO 8084 --- [http-nio-8888-exec-1] c.i.i.s.impl.SurveyAnswerServiceImpl     : 1
2023-12-30 14:03:04.956  INFO 8084 --- [http-nio-8888-exec-1] c.i.i.s.impl.SurveyAnswerServiceImpl     : 0
2023-12-30 14:03:04.956  INFO 8084 --- [http-nio-8888-exec-1] c.i.i.s.impl.SurveyAnswerServiceImpl     : 1
2023-12-30 14:03:04.956  INFO 8084 --- [http-nio-8888-exec-1] c.i.i.s.impl.SurveyAnswerServiceImpl     : 1
2023-12-30 14:03:04.956  INFO 8084 --- [http-nio-8888-exec-1] c.i.i.s.impl.SurveyAnswerServiceImpl     : 0:3
2023-12-30 14:03:04.956  INFO 8084 --- [http-nio-8888-exec-1] c.i.i.s.impl.SurveyAnswerServiceImpl     : 2
2023-12-30 14:03:04.956  INFO 8084 --- [http-nio-8888-exec-1] c.i.i.s.impl.SurveyAnswerServiceImpl     : 0,1,2,4
2023-12-30 14:03:04.956  INFO 8084 --- [http-nio-8888-exec-1] c.i.i.s.impl.SurveyAnswerServiceImpl     : 1,6,7,8,9
2023-12-30 14:03:04.956  INFO 8084 --- [http-nio-8888-exec-1] c.i.i.s.impl.SurveyAnswerServiceImpl     : 0,2
2023-12-30 14:03:04.956  INFO 8084 --- [http-nio-8888-exec-1] c.i.i.s.impl.SurveyAnswerServiceImpl     : 9
2023-12-30 14:03:04.956  INFO 8084 --- [http-nio-8888-exec-1] c.i.i.s.impl.SurveyAnswerServiceImpl     : 0,2,6,8,10,13
2023-12-30 14:03:04.956  INFO 8084 --- [http-nio-8888-exec-1] c.i.i.s.impl.SurveyAnswerServiceImpl     : 5
2023-12-30 14:03:04.956  INFO 8084 --- [http-nio-8888-exec-1] c.i.i.s.impl.SurveyAnswerServiceImpl     : 1
2023-12-30 14:03:04.956  INFO 8084 --- [http-nio-8888-exec-1] c.i.i.s.impl.SurveyAnswerServiceImpl     : 1:1
2023-12-30 14:03:04.956  INFO 8084 --- [http-nio-8888-exec-1] c.i.i.s.impl.SurveyAnswerServiceImpl     : 2:1
2023-12-30 14:03:04.956  INFO 8084 --- [http-nio-8888-exec-1] c.i.i.s.impl.SurveyAnswerServiceImpl     : 1:1
2023-12-30 14:03:04.956  INFO 8084 --- [http-nio-8888-exec-1] c.i.i.s.impl.SurveyAnswerServiceImpl     : 2
2023-12-30 14:03:04.956  INFO 8084 --- [http-nio-8888-exec-1] c.i.i.s.impl.SurveyAnswerServiceImpl     : 0:2
2023-12-30 14:03:04.956  INFO 8084 --- [http-nio-8888-exec-1] c.i.i.s.impl.SurveyAnswerServiceImpl     : 
2023-12-30 14:03:04.956  INFO 8084 --- [http-nio-8888-exec-1] c.i.i.s.impl.SurveyAnswerServiceImpl     : Error : For input string: ""
2023-12-30 14:03:04.956  INFO 8084 --- [http-nio-8888-exec-1] c.i.i.s.impl.SurveyAnswerServiceImpl     : 1
2023-12-30 14:03:04.956  INFO 8084 --- [http-nio-8888-exec-1] c.i.i.s.impl.SurveyAnswerServiceImpl     : 1
2023-12-30 14:03:04.956  INFO 8084 --- [http-nio-8888-exec-1] c.i.i.s.impl.SurveyAnswerServiceImpl     : 3
2023-12-30 14:03:04.956  INFO 8084 --- [http-nio-8888-exec-1] c.i.i.s.impl.SurveyAnswerServiceImpl     : 
2023-12-30 14:03:04.956  INFO 8084 --- [http-nio-8888-exec-1] c.i.i.s.impl.SurveyAnswerServiceImpl     : Error : For input string: ""
2023-12-30 14:03:04.956  INFO 8084 --- [http-nio-8888-exec-1] c.i.i.s.impl.SurveyAnswerServiceImpl     : 0
2023-12-30 14:03:04.956  INFO 8084 --- [http-nio-8888-exec-1] c.i.i.s.impl.SurveyAnswerServiceImpl     : 0
2023-12-30 14:03:07.923  INFO 8084 --- [http-nio-8888-exec-9] c.i.i.controller.ResidentController      : Roles-->RoleWardDTO(role=0, wardNumber=0, urlObject=RoleWardDTO.UrlObject(goBack=false, wardNo=0, prevLastItemId=0, lastSeenId=0, searchKey=, toleName=, currentPage=0, pageLimit=0, backFrom=))
2023-12-30 14:03:22.897  INFO 8084 --- [http-nio-8888-exec-8] c.i.i.controller.ResidentController      : Roles-->RoleWardDTO(role=0, wardNumber=0, urlObject=RoleWardDTO.UrlObject(goBack=false, wardNo=0, prevLastItemId=0, lastSeenId=0, searchKey=, toleName=, currentPage=0, pageLimit=0, backFrom=))
2023-12-30 14:03:29.333  INFO 8084 --- [http-nio-8888-exec-10] c.i.i.s.impl.SurveyAnswerServiceImpl     : 0
2023-12-30 14:03:29.335  INFO 8084 --- [http-nio-8888-exec-10] c.i.i.s.impl.SurveyAnswerServiceImpl     : 0
2023-12-30 14:03:29.335  INFO 8084 --- [http-nio-8888-exec-10] c.i.i.s.impl.SurveyAnswerServiceImpl     : 0
2023-12-30 14:03:29.335  INFO 8084 --- [http-nio-8888-exec-10] c.i.i.s.impl.SurveyAnswerServiceImpl     : 0
2023-12-30 14:03:29.335  INFO 8084 --- [http-nio-8888-exec-10] c.i.i.s.impl.SurveyAnswerServiceImpl     : 1
2023-12-30 14:03:29.335  INFO 8084 --- [http-nio-8888-exec-10] c.i.i.s.impl.SurveyAnswerServiceImpl     : 5:1
2023-12-30 14:03:29.335  INFO 8084 --- [http-nio-8888-exec-10] c.i.i.s.impl.SurveyAnswerServiceImpl     : 0
2023-12-30 14:03:29.335  INFO 8084 --- [http-nio-8888-exec-10] c.i.i.s.impl.SurveyAnswerServiceImpl     : 1
2023-12-30 14:03:29.335  INFO 8084 --- [http-nio-8888-exec-10] c.i.i.s.impl.SurveyAnswerServiceImpl     : 1
2023-12-30 14:03:29.335  INFO 8084 --- [http-nio-8888-exec-10] c.i.i.s.impl.SurveyAnswerServiceImpl     : 4
2023-12-30 14:03:29.337  INFO 8084 --- [http-nio-8888-exec-10] c.i.i.s.impl.SurveyAnswerServiceImpl     : 1
2023-12-30 14:03:29.337  INFO 8084 --- [http-nio-8888-exec-10] c.i.i.s.impl.SurveyAnswerServiceImpl     : 1
2023-12-30 14:03:29.337  INFO 8084 --- [http-nio-8888-exec-10] c.i.i.s.impl.SurveyAnswerServiceImpl     : 6
2023-12-30 14:03:29.338  INFO 8084 --- [http-nio-8888-exec-10] c.i.i.s.impl.SurveyAnswerServiceImpl     : 1,2,3,4,5,6,7
2023-12-30 14:03:29.338  INFO 8084 --- [http-nio-8888-exec-10] c.i.i.s.impl.SurveyAnswerServiceImpl     : 1
2023-12-30 14:03:29.338  INFO 8084 --- [http-nio-8888-exec-10] c.i.i.s.impl.SurveyAnswerServiceImpl     : 4:1
2023-12-30 14:03:29.338  INFO 8084 --- [http-nio-8888-exec-10] c.i.i.s.impl.SurveyAnswerServiceImpl     : 9:1
2023-12-30 14:03:29.338  INFO 8084 --- [http-nio-8888-exec-10] c.i.i.s.impl.SurveyAnswerServiceImpl     : 6
2023-12-30 14:03:29.338  INFO 8084 --- [http-nio-8888-exec-10] c.i.i.s.impl.SurveyAnswerServiceImpl     : 2
2023-12-30 14:03:29.338  INFO 8084 --- [http-nio-8888-exec-10] c.i.i.s.impl.SurveyAnswerServiceImpl     : 0
2023-12-30 14:03:29.338  INFO 8084 --- [http-nio-8888-exec-10] c.i.i.s.impl.SurveyAnswerServiceImpl     : 0
2023-12-30 14:03:29.338  INFO 8084 --- [http-nio-8888-exec-10] c.i.i.s.impl.SurveyAnswerServiceImpl     : 0,1,2,3
2023-12-30 14:03:29.338  INFO 8084 --- [http-nio-8888-exec-10] c.i.i.s.impl.SurveyAnswerServiceImpl     : 0
2023-12-30 14:03:29.338  INFO 8084 --- [http-nio-8888-exec-10] c.i.i.s.impl.SurveyAnswerServiceImpl     : 0
2023-12-30 14:03:29.338  INFO 8084 --- [http-nio-8888-exec-10] c.i.i.s.impl.SurveyAnswerServiceImpl     : 0
2023-12-30 14:03:29.338  INFO 8084 --- [http-nio-8888-exec-10] c.i.i.s.impl.SurveyAnswerServiceImpl     : 14:1
2023-12-30 14:03:29.338  INFO 8084 --- [http-nio-8888-exec-10] c.i.i.s.impl.SurveyAnswerServiceImpl     : 0
2023-12-30 14:03:29.338  INFO 8084 --- [http-nio-8888-exec-10] c.i.i.s.impl.SurveyAnswerServiceImpl     : 0
2023-12-30 14:03:29.338  INFO 8084 --- [http-nio-8888-exec-10] c.i.i.s.impl.SurveyAnswerServiceImpl     : 7:1
2023-12-30 14:03:29.338  INFO 8084 --- [http-nio-8888-exec-10] c.i.i.s.impl.SurveyAnswerServiceImpl     : 7:1
2023-12-30 14:03:29.338  INFO 8084 --- [http-nio-8888-exec-10] c.i.i.s.impl.SurveyAnswerServiceImpl     : 5
2023-12-30 14:03:29.338  INFO 8084 --- [http-nio-8888-exec-10] c.i.i.s.impl.SurveyAnswerServiceImpl     : 2:1
2023-12-30 14:03:29.338  INFO 8084 --- [http-nio-8888-exec-10] c.i.i.s.impl.SurveyAnswerServiceImpl     : 2:1
2023-12-30 14:03:29.338  INFO 8084 --- [http-nio-8888-exec-10] c.i.i.s.impl.SurveyAnswerServiceImpl     : 5
2023-12-30 14:03:29.338  INFO 8084 --- [http-nio-8888-exec-10] c.i.i.s.impl.SurveyAnswerServiceImpl     : 1
2023-12-30 14:03:29.338  INFO 8084 --- [http-nio-8888-exec-10] c.i.i.s.impl.SurveyAnswerServiceImpl     : 2
2023-12-30 14:03:29.338  INFO 8084 --- [http-nio-8888-exec-10] c.i.i.s.impl.SurveyAnswerServiceImpl     : 6
2023-12-30 14:03:29.338  INFO 8084 --- [http-nio-8888-exec-10] c.i.i.s.impl.SurveyAnswerServiceImpl     : 1
2023-12-30 14:03:29.338  INFO 8084 --- [http-nio-8888-exec-10] c.i.i.s.impl.SurveyAnswerServiceImpl     : 2
2023-12-30 14:03:29.338  INFO 8084 --- [http-nio-8888-exec-10] c.i.i.s.impl.SurveyAnswerServiceImpl     : 1
2023-12-30 14:03:29.338  INFO 8084 --- [http-nio-8888-exec-10] c.i.i.s.impl.SurveyAnswerServiceImpl     : 2
2023-12-30 14:03:29.338  INFO 8084 --- [http-nio-8888-exec-10] c.i.i.s.impl.SurveyAnswerServiceImpl     : 1
2023-12-30 14:03:29.338  INFO 8084 --- [http-nio-8888-exec-10] c.i.i.s.impl.SurveyAnswerServiceImpl     : 2
2023-12-30 14:03:29.338  INFO 8084 --- [http-nio-8888-exec-10] c.i.i.s.impl.SurveyAnswerServiceImpl     : 2:1
2023-12-30 14:03:29.338  INFO 8084 --- [http-nio-8888-exec-10] c.i.i.s.impl.SurveyAnswerServiceImpl     : 3
2023-12-30 14:03:29.338  INFO 8084 --- [http-nio-8888-exec-10] c.i.i.s.impl.SurveyAnswerServiceImpl     : 4
2023-12-30 14:03:29.338  INFO 8084 --- [http-nio-8888-exec-10] c.i.i.s.impl.SurveyAnswerServiceImpl     : 2:1
2023-12-30 14:03:29.338  INFO 8084 --- [http-nio-8888-exec-10] c.i.i.s.impl.SurveyAnswerServiceImpl     : 1
2023-12-30 14:03:29.338  INFO 8084 --- [http-nio-8888-exec-10] c.i.i.s.impl.SurveyAnswerServiceImpl     : 1
2023-12-30 14:03:29.338  INFO 8084 --- [http-nio-8888-exec-10] c.i.i.s.impl.SurveyAnswerServiceImpl     : 1
2023-12-30 14:03:29.338  INFO 8084 --- [http-nio-8888-exec-10] c.i.i.s.impl.SurveyAnswerServiceImpl     : 1
2023-12-30 14:03:29.338  INFO 8084 --- [http-nio-8888-exec-10] c.i.i.s.impl.SurveyAnswerServiceImpl     : 0:1
2023-12-30 14:03:29.338  INFO 8084 --- [http-nio-8888-exec-10] c.i.i.s.impl.SurveyAnswerServiceImpl     : 2
2023-12-30 14:03:29.338  INFO 8084 --- [http-nio-8888-exec-10] c.i.i.s.impl.SurveyAnswerServiceImpl     : 6
2023-12-30 14:03:29.338  INFO 8084 --- [http-nio-8888-exec-10] c.i.i.s.impl.SurveyAnswerServiceImpl     : 10
2023-12-30 14:03:29.338  INFO 8084 --- [http-nio-8888-exec-10] c.i.i.s.impl.SurveyAnswerServiceImpl     : 6
2023-12-30 14:03:29.338  INFO 8084 --- [http-nio-8888-exec-10] c.i.i.s.impl.SurveyAnswerServiceImpl     : 9
2023-12-30 14:03:29.338  INFO 8084 --- [http-nio-8888-exec-10] c.i.i.s.impl.SurveyAnswerServiceImpl     : 15
2023-12-30 14:03:29.338  INFO 8084 --- [http-nio-8888-exec-10] c.i.i.s.impl.SurveyAnswerServiceImpl     : 5
2023-12-30 14:03:29.338  INFO 8084 --- [http-nio-8888-exec-10] c.i.i.s.impl.SurveyAnswerServiceImpl     : 1
2023-12-30 14:03:29.338  INFO 8084 --- [http-nio-8888-exec-10] c.i.i.s.impl.SurveyAnswerServiceImpl     : 1:1
2023-12-30 14:03:29.338  INFO 8084 --- [http-nio-8888-exec-10] c.i.i.s.impl.SurveyAnswerServiceImpl     : 2:1
2023-12-30 14:03:29.338  INFO 8084 --- [http-nio-8888-exec-10] c.i.i.s.impl.SurveyAnswerServiceImpl     : 1:1
2023-12-30 14:03:29.338  INFO 8084 --- [http-nio-8888-exec-10] c.i.i.s.impl.SurveyAnswerServiceImpl     : 2
2023-12-30 14:03:29.338  INFO 8084 --- [http-nio-8888-exec-10] c.i.i.s.impl.SurveyAnswerServiceImpl     : 2:1
2023-12-30 14:03:29.338  INFO 8084 --- [http-nio-8888-exec-10] c.i.i.s.impl.SurveyAnswerServiceImpl     : 0
2023-12-30 14:03:29.338  INFO 8084 --- [http-nio-8888-exec-10] c.i.i.s.impl.SurveyAnswerServiceImpl     : 1
2023-12-30 14:03:29.338  INFO 8084 --- [http-nio-8888-exec-10] c.i.i.s.impl.SurveyAnswerServiceImpl     : 1,2
2023-12-30 14:03:29.338  INFO 8084 --- [http-nio-8888-exec-10] c.i.i.s.impl.SurveyAnswerServiceImpl     : 3
2023-12-30 14:03:29.338  INFO 8084 --- [http-nio-8888-exec-10] c.i.i.s.impl.SurveyAnswerServiceImpl     : 15
2023-12-30 14:03:29.338  INFO 8084 --- [http-nio-8888-exec-10] c.i.i.s.impl.SurveyAnswerServiceImpl     : 0
2023-12-30 14:03:29.338  INFO 8084 --- [http-nio-8888-exec-10] c.i.i.s.impl.SurveyAnswerServiceImpl     : 0
2023-12-30 14:03:56.911  INFO 8084 --- [http-nio-8888-exec-5] c.i.i.s.impl.SurveyAnswerServiceImpl     : 0
2023-12-30 14:03:56.911  INFO 8084 --- [http-nio-8888-exec-5] c.i.i.s.impl.SurveyAnswerServiceImpl     : 0
2023-12-30 14:03:56.911  INFO 8084 --- [http-nio-8888-exec-5] c.i.i.s.impl.SurveyAnswerServiceImpl     : 0
2023-12-30 14:03:56.911  INFO 8084 --- [http-nio-8888-exec-5] c.i.i.s.impl.SurveyAnswerServiceImpl     : 0
2023-12-30 14:03:56.911  INFO 8084 --- [http-nio-8888-exec-5] c.i.i.s.impl.SurveyAnswerServiceImpl     : 1
2023-12-30 14:03:56.911  INFO 8084 --- [http-nio-8888-exec-5] c.i.i.s.impl.SurveyAnswerServiceImpl     : 5:1
2023-12-30 14:03:56.911  INFO 8084 --- [http-nio-8888-exec-5] c.i.i.s.impl.SurveyAnswerServiceImpl     : 0
2023-12-30 14:03:56.911  INFO 8084 --- [http-nio-8888-exec-5] c.i.i.s.impl.SurveyAnswerServiceImpl     : 1
2023-12-30 14:03:56.911  INFO 8084 --- [http-nio-8888-exec-5] c.i.i.s.impl.SurveyAnswerServiceImpl     : 1
2023-12-30 14:03:56.911  INFO 8084 --- [http-nio-8888-exec-5] c.i.i.s.impl.SurveyAnswerServiceImpl     : 4
2023-12-30 14:03:56.911  INFO 8084 --- [http-nio-8888-exec-5] c.i.i.s.impl.SurveyAnswerServiceImpl     : 1
2023-12-30 14:03:56.911  INFO 8084 --- [http-nio-8888-exec-5] c.i.i.s.impl.SurveyAnswerServiceImpl     : 1
2023-12-30 14:03:56.911  INFO 8084 --- [http-nio-8888-exec-5] c.i.i.s.impl.SurveyAnswerServiceImpl     : 6
2023-12-30 14:03:56.911  INFO 8084 --- [http-nio-8888-exec-5] c.i.i.s.impl.SurveyAnswerServiceImpl     : 1,2,3,4,5,6,7
2023-12-30 14:03:56.911  INFO 8084 --- [http-nio-8888-exec-5] c.i.i.s.impl.SurveyAnswerServiceImpl     : 1
2023-12-30 14:03:56.911  INFO 8084 --- [http-nio-8888-exec-5] c.i.i.s.impl.SurveyAnswerServiceImpl     : 4:1
2023-12-30 14:03:56.924  INFO 8084 --- [http-nio-8888-exec-5] c.i.i.s.impl.SurveyAnswerServiceImpl     : 9:1
2023-12-30 14:03:56.924  INFO 8084 --- [http-nio-8888-exec-5] c.i.i.s.impl.SurveyAnswerServiceImpl     : 6
2023-12-30 14:03:56.924  INFO 8084 --- [http-nio-8888-exec-5] c.i.i.s.impl.SurveyAnswerServiceImpl     : 2
2023-12-30 14:03:56.924  INFO 8084 --- [http-nio-8888-exec-5] c.i.i.s.impl.SurveyAnswerServiceImpl     : 0
2023-12-30 14:03:56.925  INFO 8084 --- [http-nio-8888-exec-5] c.i.i.s.impl.SurveyAnswerServiceImpl     : 0
2023-12-30 14:03:56.925  INFO 8084 --- [http-nio-8888-exec-5] c.i.i.s.impl.SurveyAnswerServiceImpl     : 0,1,2,3
2023-12-30 14:03:56.925  INFO 8084 --- [http-nio-8888-exec-5] c.i.i.s.impl.SurveyAnswerServiceImpl     : 0
2023-12-30 14:03:56.925  INFO 8084 --- [http-nio-8888-exec-5] c.i.i.s.impl.SurveyAnswerServiceImpl     : 0
2023-12-30 14:03:56.925  INFO 8084 --- [http-nio-8888-exec-5] c.i.i.s.impl.SurveyAnswerServiceImpl     : 0
2023-12-30 14:03:56.925  INFO 8084 --- [http-nio-8888-exec-5] c.i.i.s.impl.SurveyAnswerServiceImpl     : 14:1
2023-12-30 14:03:56.925  INFO 8084 --- [http-nio-8888-exec-5] c.i.i.s.impl.SurveyAnswerServiceImpl     : 0
2023-12-30 14:03:56.925  INFO 8084 --- [http-nio-8888-exec-5] c.i.i.s.impl.SurveyAnswerServiceImpl     : 0
2023-12-30 14:03:56.925  INFO 8084 --- [http-nio-8888-exec-5] c.i.i.s.impl.SurveyAnswerServiceImpl     : 7:1
2023-12-30 14:03:56.925  INFO 8084 --- [http-nio-8888-exec-5] c.i.i.s.impl.SurveyAnswerServiceImpl     : 7:1
2023-12-30 14:03:56.928  INFO 8084 --- [http-nio-8888-exec-5] c.i.i.s.impl.SurveyAnswerServiceImpl     : 5
2023-12-30 14:03:56.928  INFO 8084 --- [http-nio-8888-exec-5] c.i.i.s.impl.SurveyAnswerServiceImpl     : 2:1
2023-12-30 14:03:56.928  INFO 8084 --- [http-nio-8888-exec-5] c.i.i.s.impl.SurveyAnswerServiceImpl     : 2:1
2023-12-30 14:03:56.928  INFO 8084 --- [http-nio-8888-exec-5] c.i.i.s.impl.SurveyAnswerServiceImpl     : 5
2023-12-30 14:03:56.928  INFO 8084 --- [http-nio-8888-exec-5] c.i.i.s.impl.SurveyAnswerServiceImpl     : 1
2023-12-30 14:03:56.928  INFO 8084 --- [http-nio-8888-exec-5] c.i.i.s.impl.SurveyAnswerServiceImpl     : 2
2023-12-30 14:03:56.928  INFO 8084 --- [http-nio-8888-exec-5] c.i.i.s.impl.SurveyAnswerServiceImpl     : 6
2023-12-30 14:03:56.928  INFO 8084 --- [http-nio-8888-exec-5] c.i.i.s.impl.SurveyAnswerServiceImpl     : 1
2023-12-30 14:03:56.928  INFO 8084 --- [http-nio-8888-exec-5] c.i.i.s.impl.SurveyAnswerServiceImpl     : 2
2023-12-30 14:03:56.928  INFO 8084 --- [http-nio-8888-exec-5] c.i.i.s.impl.SurveyAnswerServiceImpl     : 1
2023-12-30 14:03:56.930  INFO 8084 --- [http-nio-8888-exec-5] c.i.i.s.impl.SurveyAnswerServiceImpl     : 2
2023-12-30 14:03:56.930  INFO 8084 --- [http-nio-8888-exec-5] c.i.i.s.impl.SurveyAnswerServiceImpl     : 1
2023-12-30 14:03:56.930  INFO 8084 --- [http-nio-8888-exec-5] c.i.i.s.impl.SurveyAnswerServiceImpl     : 2
2023-12-30 14:03:56.930  INFO 8084 --- [http-nio-8888-exec-5] c.i.i.s.impl.SurveyAnswerServiceImpl     : 2:1
2023-12-30 14:03:56.930  INFO 8084 --- [http-nio-8888-exec-5] c.i.i.s.impl.SurveyAnswerServiceImpl     : 3
2023-12-30 14:03:56.930  INFO 8084 --- [http-nio-8888-exec-5] c.i.i.s.impl.SurveyAnswerServiceImpl     : 4
2023-12-30 14:03:56.930  INFO 8084 --- [http-nio-8888-exec-5] c.i.i.s.impl.SurveyAnswerServiceImpl     : 2:1
2023-12-30 14:03:56.930  INFO 8084 --- [http-nio-8888-exec-5] c.i.i.s.impl.SurveyAnswerServiceImpl     : 1
2023-12-30 14:03:56.930  INFO 8084 --- [http-nio-8888-exec-5] c.i.i.s.impl.SurveyAnswerServiceImpl     : 1
2023-12-30 14:03:56.930  INFO 8084 --- [http-nio-8888-exec-5] c.i.i.s.impl.SurveyAnswerServiceImpl     : 1
2023-12-30 14:03:56.930  INFO 8084 --- [http-nio-8888-exec-5] c.i.i.s.impl.SurveyAnswerServiceImpl     : 1
2023-12-30 14:03:56.930  INFO 8084 --- [http-nio-8888-exec-5] c.i.i.s.impl.SurveyAnswerServiceImpl     : 0:1
2023-12-30 14:03:56.930  INFO 8084 --- [http-nio-8888-exec-5] c.i.i.s.impl.SurveyAnswerServiceImpl     : 2
2023-12-30 14:03:56.930  INFO 8084 --- [http-nio-8888-exec-5] c.i.i.s.impl.SurveyAnswerServiceImpl     : 6
2023-12-30 14:03:56.930  INFO 8084 --- [http-nio-8888-exec-5] c.i.i.s.impl.SurveyAnswerServiceImpl     : 10
2023-12-30 14:03:56.930  INFO 8084 --- [http-nio-8888-exec-5] c.i.i.s.impl.SurveyAnswerServiceImpl     : 6
2023-12-30 14:03:56.930  INFO 8084 --- [http-nio-8888-exec-5] c.i.i.s.impl.SurveyAnswerServiceImpl     : 9
2023-12-30 14:03:56.930  INFO 8084 --- [http-nio-8888-exec-5] c.i.i.s.impl.SurveyAnswerServiceImpl     : 15
2023-12-30 14:03:56.930  INFO 8084 --- [http-nio-8888-exec-5] c.i.i.s.impl.SurveyAnswerServiceImpl     : 5
2023-12-30 14:03:56.930  INFO 8084 --- [http-nio-8888-exec-5] c.i.i.s.impl.SurveyAnswerServiceImpl     : 1
2023-12-30 14:03:56.930  INFO 8084 --- [http-nio-8888-exec-5] c.i.i.s.impl.SurveyAnswerServiceImpl     : 1:1
2023-12-30 14:03:56.930  INFO 8084 --- [http-nio-8888-exec-5] c.i.i.s.impl.SurveyAnswerServiceImpl     : 2:1
2023-12-30 14:03:56.930  INFO 8084 --- [http-nio-8888-exec-5] c.i.i.s.impl.SurveyAnswerServiceImpl     : 1:1
2023-12-30 14:03:56.930  INFO 8084 --- [http-nio-8888-exec-5] c.i.i.s.impl.SurveyAnswerServiceImpl     : 2
2023-12-30 14:03:56.930  INFO 8084 --- [http-nio-8888-exec-5] c.i.i.s.impl.SurveyAnswerServiceImpl     : 2:1
2023-12-30 14:03:56.930  INFO 8084 --- [http-nio-8888-exec-5] c.i.i.s.impl.SurveyAnswerServiceImpl     : 0
2023-12-30 14:03:56.930  INFO 8084 --- [http-nio-8888-exec-5] c.i.i.s.impl.SurveyAnswerServiceImpl     : 1
2023-12-30 14:03:56.930  INFO 8084 --- [http-nio-8888-exec-5] c.i.i.s.impl.SurveyAnswerServiceImpl     : 1,2
2023-12-30 14:03:56.930  INFO 8084 --- [http-nio-8888-exec-5] c.i.i.s.impl.SurveyAnswerServiceImpl     : 3
2023-12-30 14:03:56.930  INFO 8084 --- [http-nio-8888-exec-5] c.i.i.s.impl.SurveyAnswerServiceImpl     : 15
2023-12-30 14:03:56.930  INFO 8084 --- [http-nio-8888-exec-5] c.i.i.s.impl.SurveyAnswerServiceImpl     : 0
2023-12-30 14:03:56.930  INFO 8084 --- [http-nio-8888-exec-5] c.i.i.s.impl.SurveyAnswerServiceImpl     : 0
2023-12-30 14:04:04.930  INFO 8084 --- [http-nio-8888-exec-7] c.i.i.s.impl.SurveyAnswerServiceImpl     : 0
2023-12-30 14:04:04.930  INFO 8084 --- [http-nio-8888-exec-7] c.i.i.s.impl.SurveyAnswerServiceImpl     : 0
2023-12-30 14:04:04.930  INFO 8084 --- [http-nio-8888-exec-7] c.i.i.s.impl.SurveyAnswerServiceImpl     : 0
2023-12-30 14:04:04.930  INFO 8084 --- [http-nio-8888-exec-7] c.i.i.s.impl.SurveyAnswerServiceImpl     : 0
2023-12-30 14:04:04.938  INFO 8084 --- [http-nio-8888-exec-7] c.i.i.s.impl.SurveyAnswerServiceImpl     : 1
2023-12-30 14:04:04.938  INFO 8084 --- [http-nio-8888-exec-7] c.i.i.s.impl.SurveyAnswerServiceImpl     : 5:1
2023-12-30 14:04:04.939  INFO 8084 --- [http-nio-8888-exec-7] c.i.i.s.impl.SurveyAnswerServiceImpl     : 0
2023-12-30 14:04:04.939  INFO 8084 --- [http-nio-8888-exec-7] c.i.i.s.impl.SurveyAnswerServiceImpl     : 1
2023-12-30 14:04:04.939  INFO 8084 --- [http-nio-8888-exec-7] c.i.i.s.impl.SurveyAnswerServiceImpl     : 1
2023-12-30 14:04:04.939  INFO 8084 --- [http-nio-8888-exec-7] c.i.i.s.impl.SurveyAnswerServiceImpl     : 4
2023-12-30 14:04:04.939  INFO 8084 --- [http-nio-8888-exec-7] c.i.i.s.impl.SurveyAnswerServiceImpl     : 1
2023-12-30 14:04:04.939  INFO 8084 --- [http-nio-8888-exec-7] c.i.i.s.impl.SurveyAnswerServiceImpl     : 1
2023-12-30 14:04:04.939  INFO 8084 --- [http-nio-8888-exec-7] c.i.i.s.impl.SurveyAnswerServiceImpl     : 6
2023-12-30 14:04:04.939  INFO 8084 --- [http-nio-8888-exec-7] c.i.i.s.impl.SurveyAnswerServiceImpl     : 1,2,3,4,5,6,7
2023-12-30 14:04:04.941  INFO 8084 --- [http-nio-8888-exec-7] c.i.i.s.impl.SurveyAnswerServiceImpl     : 1
2023-12-30 14:04:04.941  INFO 8084 --- [http-nio-8888-exec-7] c.i.i.s.impl.SurveyAnswerServiceImpl     : 4:1
2023-12-30 14:04:04.941  INFO 8084 --- [http-nio-8888-exec-7] c.i.i.s.impl.SurveyAnswerServiceImpl     : 9:1
2023-12-30 14:04:04.941  INFO 8084 --- [http-nio-8888-exec-7] c.i.i.s.impl.SurveyAnswerServiceImpl     : 6
2023-12-30 14:04:04.941  INFO 8084 --- [http-nio-8888-exec-7] c.i.i.s.impl.SurveyAnswerServiceImpl     : 2
2023-12-30 14:04:04.941  INFO 8084 --- [http-nio-8888-exec-7] c.i.i.s.impl.SurveyAnswerServiceImpl     : 0
2023-12-30 14:04:04.941  INFO 8084 --- [http-nio-8888-exec-7] c.i.i.s.impl.SurveyAnswerServiceImpl     : 0
2023-12-30 14:04:04.941  INFO 8084 --- [http-nio-8888-exec-7] c.i.i.s.impl.SurveyAnswerServiceImpl     : 0,1,2,3
2023-12-30 14:04:04.941  INFO 8084 --- [http-nio-8888-exec-7] c.i.i.s.impl.SurveyAnswerServiceImpl     : 0
2023-12-30 14:04:04.943  INFO 8084 --- [http-nio-8888-exec-7] c.i.i.s.impl.SurveyAnswerServiceImpl     : 0
2023-12-30 14:04:04.943  INFO 8084 --- [http-nio-8888-exec-7] c.i.i.s.impl.SurveyAnswerServiceImpl     : 0
2023-12-30 14:04:04.943  INFO 8084 --- [http-nio-8888-exec-7] c.i.i.s.impl.SurveyAnswerServiceImpl     : 14:1
2023-12-30 14:04:04.943  INFO 8084 --- [http-nio-8888-exec-7] c.i.i.s.impl.SurveyAnswerServiceImpl     : 0
2023-12-30 14:04:04.943  INFO 8084 --- [http-nio-8888-exec-7] c.i.i.s.impl.SurveyAnswerServiceImpl     : 0
2023-12-30 14:04:04.943  INFO 8084 --- [http-nio-8888-exec-7] c.i.i.s.impl.SurveyAnswerServiceImpl     : 7:1
2023-12-30 14:04:04.943  INFO 8084 --- [http-nio-8888-exec-7] c.i.i.s.impl.SurveyAnswerServiceImpl     : 7:1
2023-12-30 14:04:04.943  INFO 8084 --- [http-nio-8888-exec-7] c.i.i.s.impl.SurveyAnswerServiceImpl     : 5
2023-12-30 14:04:04.943  INFO 8084 --- [http-nio-8888-exec-7] c.i.i.s.impl.SurveyAnswerServiceImpl     : 2:1
2023-12-30 14:04:04.943  INFO 8084 --- [http-nio-8888-exec-7] c.i.i.s.impl.SurveyAnswerServiceImpl     : 2:1
2023-12-30 14:04:04.943  INFO 8084 --- [http-nio-8888-exec-7] c.i.i.s.impl.SurveyAnswerServiceImpl     : 5
2023-12-30 14:04:04.943  INFO 8084 --- [http-nio-8888-exec-7] c.i.i.s.impl.SurveyAnswerServiceImpl     : 1
2023-12-30 14:04:04.943  INFO 8084 --- [http-nio-8888-exec-7] c.i.i.s.impl.SurveyAnswerServiceImpl     : 2
2023-12-30 14:04:04.943  INFO 8084 --- [http-nio-8888-exec-7] c.i.i.s.impl.SurveyAnswerServiceImpl     : 6
2023-12-30 14:04:04.943  INFO 8084 --- [http-nio-8888-exec-7] c.i.i.s.impl.SurveyAnswerServiceImpl     : 1
2023-12-30 14:04:04.943  INFO 8084 --- [http-nio-8888-exec-7] c.i.i.s.impl.SurveyAnswerServiceImpl     : 2
2023-12-30 14:04:04.943  INFO 8084 --- [http-nio-8888-exec-7] c.i.i.s.impl.SurveyAnswerServiceImpl     : 1
2023-12-30 14:04:04.943  INFO 8084 --- [http-nio-8888-exec-7] c.i.i.s.impl.SurveyAnswerServiceImpl     : 2
2023-12-30 14:04:04.943  INFO 8084 --- [http-nio-8888-exec-7] c.i.i.s.impl.SurveyAnswerServiceImpl     : 1
2023-12-30 14:04:04.943  INFO 8084 --- [http-nio-8888-exec-7] c.i.i.s.impl.SurveyAnswerServiceImpl     : 2
2023-12-30 14:04:04.943  INFO 8084 --- [http-nio-8888-exec-7] c.i.i.s.impl.SurveyAnswerServiceImpl     : 2:1
2023-12-30 14:04:04.943  INFO 8084 --- [http-nio-8888-exec-7] c.i.i.s.impl.SurveyAnswerServiceImpl     : 3
2023-12-30 14:04:04.943  INFO 8084 --- [http-nio-8888-exec-7] c.i.i.s.impl.SurveyAnswerServiceImpl     : 4
2023-12-30 14:04:04.943  INFO 8084 --- [http-nio-8888-exec-7] c.i.i.s.impl.SurveyAnswerServiceImpl     : 2:1
2023-12-30 14:04:04.943  INFO 8084 --- [http-nio-8888-exec-7] c.i.i.s.impl.SurveyAnswerServiceImpl     : 1
2023-12-30 14:04:04.943  INFO 8084 --- [http-nio-8888-exec-7] c.i.i.s.impl.SurveyAnswerServiceImpl     : 1
2023-12-30 14:04:04.943  INFO 8084 --- [http-nio-8888-exec-7] c.i.i.s.impl.SurveyAnswerServiceImpl     : 1
2023-12-30 14:04:04.943  INFO 8084 --- [http-nio-8888-exec-7] c.i.i.s.impl.SurveyAnswerServiceImpl     : 1
2023-12-30 14:04:04.943  INFO 8084 --- [http-nio-8888-exec-7] c.i.i.s.impl.SurveyAnswerServiceImpl     : 0:1
2023-12-30 14:04:04.943  INFO 8084 --- [http-nio-8888-exec-7] c.i.i.s.impl.SurveyAnswerServiceImpl     : 2
2023-12-30 14:04:04.943  INFO 8084 --- [http-nio-8888-exec-7] c.i.i.s.impl.SurveyAnswerServiceImpl     : 6
2023-12-30 14:04:04.943  INFO 8084 --- [http-nio-8888-exec-7] c.i.i.s.impl.SurveyAnswerServiceImpl     : 10
2023-12-30 14:04:04.943  INFO 8084 --- [http-nio-8888-exec-7] c.i.i.s.impl.SurveyAnswerServiceImpl     : 6
2023-12-30 14:04:04.943  INFO 8084 --- [http-nio-8888-exec-7] c.i.i.s.impl.SurveyAnswerServiceImpl     : 9
2023-12-30 14:04:04.943  INFO 8084 --- [http-nio-8888-exec-7] c.i.i.s.impl.SurveyAnswerServiceImpl     : 15
2023-12-30 14:04:04.943  INFO 8084 --- [http-nio-8888-exec-7] c.i.i.s.impl.SurveyAnswerServiceImpl     : 5
2023-12-30 14:04:04.943  INFO 8084 --- [http-nio-8888-exec-7] c.i.i.s.impl.SurveyAnswerServiceImpl     : 1
2023-12-30 14:04:04.943  INFO 8084 --- [http-nio-8888-exec-7] c.i.i.s.impl.SurveyAnswerServiceImpl     : 1:1
2023-12-30 14:04:04.943  INFO 8084 --- [http-nio-8888-exec-7] c.i.i.s.impl.SurveyAnswerServiceImpl     : 2:1
2023-12-30 14:04:04.943  INFO 8084 --- [http-nio-8888-exec-7] c.i.i.s.impl.SurveyAnswerServiceImpl     : 1:1
2023-12-30 14:04:04.943  INFO 8084 --- [http-nio-8888-exec-7] c.i.i.s.impl.SurveyAnswerServiceImpl     : 2
2023-12-30 14:04:04.943  INFO 8084 --- [http-nio-8888-exec-7] c.i.i.s.impl.SurveyAnswerServiceImpl     : 2:1
2023-12-30 14:04:04.943  INFO 8084 --- [http-nio-8888-exec-7] c.i.i.s.impl.SurveyAnswerServiceImpl     : 0
2023-12-30 14:04:04.943  INFO 8084 --- [http-nio-8888-exec-7] c.i.i.s.impl.SurveyAnswerServiceImpl     : 1
2023-12-30 14:04:04.943  INFO 8084 --- [http-nio-8888-exec-7] c.i.i.s.impl.SurveyAnswerServiceImpl     : 1,2
2023-12-30 14:04:04.943  INFO 8084 --- [http-nio-8888-exec-7] c.i.i.s.impl.SurveyAnswerServiceImpl     : 3
2023-12-30 14:04:04.943  INFO 8084 --- [http-nio-8888-exec-7] c.i.i.s.impl.SurveyAnswerServiceImpl     : 15
2023-12-30 14:04:04.943  INFO 8084 --- [http-nio-8888-exec-7] c.i.i.s.impl.SurveyAnswerServiceImpl     : 0
2023-12-30 14:04:04.943  INFO 8084 --- [http-nio-8888-exec-7] c.i.i.s.impl.SurveyAnswerServiceImpl     : 0
2023-12-30 14:04:10.343 ERROR 8084 --- [http-nio-8888-exec-7] o.a.c.c.C.[.[.[/].[dispatcherServlet]    : Servlet.service() for servlet [dispatcherServlet] in context with path [] threw exception [Request processing failed; nested exception is java.lang.NullPointerException: Cannot invoke "com.ishanitech.ipalika.model.Answer.getAddedBy()" because "answer" is null] with root cause

java.lang.NullPointerException: Cannot invoke "com.ishanitech.ipalika.model.Answer.getAddedBy()" because "answer" is null
	at com.ishanitech.ipalika.service.impl.SurveyAnswerServiceImpl.getAnswerByFilledId(SurveyAnswerServiceImpl.java:232) ~[classes/:na]
	at com.ishanitech.ipalika.controller.ResidentController.getFullInformationOfResident(ResidentController.java:121) ~[classes/:na]
	at java.base/jdk.internal.reflect.NativeMethodAccessorImpl.invoke0(Native Method) ~[na:na]
	at java.base/jdk.internal.reflect.NativeMethodAccessorImpl.invoke(NativeMethodAccessorImpl.java:77) ~[na:na]
	at java.base/jdk.internal.reflect.DelegatingMethodAccessorImpl.invoke(DelegatingMethodAccessorImpl.java:43) ~[na:na]
	at java.base/java.lang.reflect.Method.invoke(Method.java:568) ~[na:na]
	at org.springframework.web.method.support.InvocableHandlerMethod.doInvoke(InvocableHandlerMethod.java:190) ~[spring-web-5.2.2.RELEASE.jar:5.2.2.RELEASE]
	at org.springframework.web.method.support.InvocableHandlerMethod.invokeForRequest(InvocableHandlerMethod.java:138) ~[spring-web-5.2.2.RELEASE.jar:5.2.2.RELEASE]
	at org.springframework.web.servlet.mvc.method.annotation.ServletInvocableHandlerMethod.invokeAndHandle(ServletInvocableHandlerMethod.java:106) ~[spring-webmvc-5.2.2.RELEASE.jar:5.2.2.RELEASE]
	at org.springframework.web.servlet.mvc.method.annotation.RequestMappingHandlerAdapter.invokeHandlerMethod(RequestMappingHandlerAdapter.java:888) ~[spring-webmvc-5.2.2.RELEASE.jar:5.2.2.RELEASE]
	at org.springframework.web.servlet.mvc.method.annotation.RequestMappingHandlerAdapter.handleInternal(RequestMappingHandlerAdapter.java:793) ~[spring-webmvc-5.2.2.RELEASE.jar:5.2.2.RELEASE]
	at org.springframework.web.servlet.mvc.method.AbstractHandlerMethodAdapter.handle(AbstractHandlerMethodAdapter.java:87) ~[spring-webmvc-5.2.2.RELEASE.jar:5.2.2.RELEASE]
	at org.springframework.web.servlet.DispatcherServlet.doDispatch(DispatcherServlet.java:1040) ~[spring-webmvc-5.2.2.RELEASE.jar:5.2.2.RELEASE]
	at org.springframework.web.servlet.DispatcherServlet.doService(DispatcherServlet.java:943) ~[spring-webmvc-5.2.2.RELEASE.jar:5.2.2.RELEASE]
	at org.springframework.web.servlet.FrameworkServlet.processRequest(FrameworkServlet.java:1006) ~[spring-webmvc-5.2.2.RELEASE.jar:5.2.2.RELEASE]
	at org.springframework.web.servlet.FrameworkServlet.doGet(FrameworkServlet.java:898) ~[spring-webmvc-5.2.2.RELEASE.jar:5.2.2.RELEASE]
	at javax.servlet.http.HttpServlet.service(HttpServlet.java:634) ~[tomcat-embed-core-9.0.29.jar:9.0.29]
	at org.springframework.web.servlet.FrameworkServlet.service(FrameworkServlet.java:883) ~[spring-webmvc-5.2.2.RELEASE.jar:5.2.2.RELEASE]
	at javax.servlet.http.HttpServlet.service(HttpServlet.java:741) ~[tomcat-embed-core-9.0.29.jar:9.0.29]
	at org.apache.catalina.core.ApplicationFilterChain.internalDoFilter(ApplicationFilterChain.java:231) ~[tomcat-embed-core-9.0.29.jar:9.0.29]
	at org.apache.catalina.core.ApplicationFilterChain.doFilter(ApplicationFilterChain.java:166) ~[tomcat-embed-core-9.0.29.jar:9.0.29]
	at org.apache.tomcat.websocket.server.WsFilter.doFilter(WsFilter.java:53) ~[tomcat-embed-websocket-9.0.29.jar:9.0.29]
	at org.apache.catalina.core.ApplicationFilterChain.internalDoFilter(ApplicationFilterChain.java:193) ~[tomcat-embed-core-9.0.29.jar:9.0.29]
	at org.apache.catalina.core.ApplicationFilterChain.doFilter(ApplicationFilterChain.java:166) ~[tomcat-embed-core-9.0.29.jar:9.0.29]
	at org.springframework.web.filter.OncePerRequestFilter.doFilter(OncePerRequestFilter.java:113) ~[spring-web-5.2.2.RELEASE.jar:5.2.2.RELEASE]
	at org.apache.catalina.core.ApplicationFilterChain.internalDoFilter(ApplicationFilterChain.java:193) ~[tomcat-embed-core-9.0.29.jar:9.0.29]
	at org.apache.catalina.core.ApplicationFilterChain.doFilter(ApplicationFilterChain.java:166) ~[tomcat-embed-core-9.0.29.jar:9.0.29]
	at org.springframework.security.web.FilterChainProxy$VirtualFilterChain.doFilter(FilterChainProxy.java:320) ~[spring-security-web-5.2.1.RELEASE.jar:5.2.1.RELEASE]
	at org.springframework.security.web.access.intercept.FilterSecurityInterceptor.invoke(FilterSecurityInterceptor.java:126) ~[spring-security-web-5.2.1.RELEASE.jar:5.2.1.RELEASE]
	at org.springframework.security.web.access.intercept.FilterSecurityInterceptor.doFilter(FilterSecurityInterceptor.java:90) ~[spring-security-web-5.2.1.RELEASE.jar:5.2.1.RELEASE]
	at org.springframework.security.web.FilterChainProxy$VirtualFilterChain.doFilter(FilterChainProxy.java:334) ~[spring-security-web-5.2.1.RELEASE.jar:5.2.1.RELEASE]
	at org.springframework.security.web.access.ExceptionTranslationFilter.doFilter(ExceptionTranslationFilter.java:118) ~[spring-security-web-5.2.1.RELEASE.jar:5.2.1.RELEASE]
	at org.springframework.security.web.FilterChainProxy$VirtualFilterChain.doFilter(FilterChainProxy.java:334) ~[spring-security-web-5.2.1.RELEASE.jar:5.2.1.RELEASE]
	at org.springframework.security.web.session.SessionManagementFilter.doFilter(SessionManagementFilter.java:137) ~[spring-security-web-5.2.1.RELEASE.jar:5.2.1.RELEASE]
	at org.springframework.security.web.FilterChainProxy$VirtualFilterChain.doFilter(FilterChainProxy.java:334) ~[spring-security-web-5.2.1.RELEASE.jar:5.2.1.RELEASE]
	at org.springframework.security.web.authentication.AnonymousAuthenticationFilter.doFilter(AnonymousAuthenticationFilter.java:111) ~[spring-security-web-5.2.1.RELEASE.jar:5.2.1.RELEASE]
	at org.springframework.security.web.FilterChainProxy$VirtualFilterChain.doFilter(FilterChainProxy.java:334) ~[spring-security-web-5.2.1.RELEASE.jar:5.2.1.RELEASE]
	at org.springframework.security.web.servletapi.SecurityContextHolderAwareRequestFilter.doFilter(SecurityContextHolderAwareRequestFilter.java:158) ~[spring-security-web-5.2.1.RELEASE.jar:5.2.1.RELEASE]
	at org.springframework.security.web.FilterChainProxy$VirtualFilterChain.doFilter(FilterChainProxy.java:334) ~[spring-security-web-5.2.1.RELEASE.jar:5.2.1.RELEASE]
	at org.springframework.security.web.savedrequest.RequestCacheAwareFilter.doFilter(RequestCacheAwareFilter.java:63) ~[spring-security-web-5.2.1.RELEASE.jar:5.2.1.RELEASE]
	at org.springframework.security.web.FilterChainProxy$VirtualFilterChain.doFilter(FilterChainProxy.java:334) ~[spring-security-web-5.2.1.RELEASE.jar:5.2.1.RELEASE]
	at com.ishanitech.ipalika.security.TokenAuthorizationFilter.doFilterInternal(TokenAuthorizationFilter.java:46) ~[classes/:na]
	at org.springframework.web.filter.OncePerRequestFilter.doFilter(OncePerRequestFilter.java:119) ~[spring-web-5.2.2.RELEASE.jar:5.2.2.RELEASE]
	at org.springframework.security.web.FilterChainProxy$VirtualFilterChain.doFilter(FilterChainProxy.java:334) ~[spring-security-web-5.2.1.RELEASE.jar:5.2.1.RELEASE]
	at org.springframework.security.web.authentication.AbstractAuthenticationProcessingFilter.doFilter(AbstractAuthenticationProcessingFilter.java:200) ~[spring-security-web-5.2.1.RELEASE.jar:5.2.1.RELEASE]
	at org.springframework.security.web.FilterChainProxy$VirtualFilterChain.doFilter(FilterChainProxy.java:334) ~[spring-security-web-5.2.1.RELEASE.jar:5.2.1.RELEASE]
	at org.springframework.security.web.authentication.logout.LogoutFilter.doFilter(LogoutFilter.java:116) ~[spring-security-web-5.2.1.RELEASE.jar:5.2.1.RELEASE]
	at org.springframework.security.web.FilterChainProxy$VirtualFilterChain.doFilter(FilterChainProxy.java:334) ~[spring-security-web-5.2.1.RELEASE.jar:5.2.1.RELEASE]
	at org.springframework.web.filter.CorsFilter.doFilterInternal(CorsFilter.java:92) ~[spring-web-5.2.2.RELEASE.jar:5.2.2.RELEASE]
	at org.springframework.web.filter.OncePerRequestFilter.doFilter(OncePerRequestFilter.java:119) ~[spring-web-5.2.2.RELEASE.jar:5.2.2.RELEASE]
	at org.springframework.security.web.FilterChainProxy$VirtualFilterChain.doFilter(FilterChainProxy.java:334) ~[spring-security-web-5.2.1.RELEASE.jar:5.2.1.RELEASE]
	at org.springframework.web.filter.CorsFilter.doFilterInternal(CorsFilter.java:92) ~[spring-web-5.2.2.RELEASE.jar:5.2.2.RELEASE]
	at org.springframework.web.filter.OncePerRequestFilter.doFilter(OncePerRequestFilter.java:119) ~[spring-web-5.2.2.RELEASE.jar:5.2.2.RELEASE]
	at org.springframework.security.web.FilterChainProxy$VirtualFilterChain.doFilter(FilterChainProxy.java:334) ~[spring-security-web-5.2.1.RELEASE.jar:5.2.1.RELEASE]
	at org.springframework.security.web.header.HeaderWriterFilter.doHeadersAfter(HeaderWriterFilter.java:92) ~[spring-security-web-5.2.1.RELEASE.jar:5.2.1.RELEASE]
	at org.springframework.security.web.header.HeaderWriterFilter.doFilterInternal(HeaderWriterFilter.java:77) ~[spring-security-web-5.2.1.RELEASE.jar:5.2.1.RELEASE]
	at org.springframework.web.filter.OncePerRequestFilter.doFilter(OncePerRequestFilter.java:119) ~[spring-web-5.2.2.RELEASE.jar:5.2.2.RELEASE]
	at org.springframework.security.web.FilterChainProxy$VirtualFilterChain.doFilter(FilterChainProxy.java:334) ~[spring-security-web-5.2.1.RELEASE.jar:5.2.1.RELEASE]
	at org.springframework.security.web.context.SecurityContextPersistenceFilter.doFilter(SecurityContextPersistenceFilter.java:105) ~[spring-security-web-5.2.1.RELEASE.jar:5.2.1.RELEASE]
	at org.springframework.security.web.FilterChainProxy$VirtualFilterChain.doFilter(FilterChainProxy.java:334) ~[spring-security-web-5.2.1.RELEASE.jar:5.2.1.RELEASE]
	at org.springframework.security.web.context.request.async.WebAsyncManagerIntegrationFilter.doFilterInternal(WebAsyncManagerIntegrationFilter.java:56) ~[spring-security-web-5.2.1.RELEASE.jar:5.2.1.RELEASE]
	at org.springframework.web.filter.OncePerRequestFilter.doFilter(OncePerRequestFilter.java:119) ~[spring-web-5.2.2.RELEASE.jar:5.2.2.RELEASE]
	at org.springframework.security.web.FilterChainProxy$VirtualFilterChain.doFilter(FilterChainProxy.java:334) ~[spring-security-web-5.2.1.RELEASE.jar:5.2.1.RELEASE]
	at org.springframework.security.web.FilterChainProxy.doFilterInternal(FilterChainProxy.java:215) ~[spring-security-web-5.2.1.RELEASE.jar:5.2.1.RELEASE]
	at org.springframework.security.web.FilterChainProxy.doFilter(FilterChainProxy.java:178) ~[spring-security-web-5.2.1.RELEASE.jar:5.2.1.RELEASE]
	at org.springframework.web.filter.DelegatingFilterProxy.invokeDelegate(DelegatingFilterProxy.java:358) ~[spring-web-5.2.2.RELEASE.jar:5.2.2.RELEASE]
	at org.springframework.web.filter.DelegatingFilterProxy.doFilter(DelegatingFilterProxy.java:271) ~[spring-web-5.2.2.RELEASE.jar:5.2.2.RELEASE]
	at org.apache.catalina.core.ApplicationFilterChain.internalDoFilter(ApplicationFilterChain.java:193) ~[tomcat-embed-core-9.0.29.jar:9.0.29]
	at org.apache.catalina.core.ApplicationFilterChain.doFilter(ApplicationFilterChain.java:166) ~[tomcat-embed-core-9.0.29.jar:9.0.29]
	at org.springframework.web.filter.RequestContextFilter.doFilterInternal(RequestContextFilter.java:100) ~[spring-web-5.2.2.RELEASE.jar:5.2.2.RELEASE]
	at org.springframework.web.filter.OncePerRequestFilter.doFilter(OncePerRequestFilter.java:119) ~[spring-web-5.2.2.RELEASE.jar:5.2.2.RELEASE]
	at org.apache.catalina.core.ApplicationFilterChain.internalDoFilter(ApplicationFilterChain.java:193) ~[tomcat-embed-core-9.0.29.jar:9.0.29]
	at org.apache.catalina.core.ApplicationFilterChain.doFilter(ApplicationFilterChain.java:166) ~[tomcat-embed-core-9.0.29.jar:9.0.29]
	at org.springframework.web.filter.FormContentFilter.doFilterInternal(FormContentFilter.java:93) ~[spring-web-5.2.2.RELEASE.jar:5.2.2.RELEASE]
	at org.springframework.web.filter.OncePerRequestFilter.doFilter(OncePerRequestFilter.java:119) ~[spring-web-5.2.2.RELEASE.jar:5.2.2.RELEASE]
	at org.apache.catalina.core.ApplicationFilterChain.internalDoFilter(ApplicationFilterChain.java:193) ~[tomcat-embed-core-9.0.29.jar:9.0.29]
	at org.apache.catalina.core.ApplicationFilterChain.doFilter(ApplicationFilterChain.java:166) ~[tomcat-embed-core-9.0.29.jar:9.0.29]
	at org.springframework.web.filter.CharacterEncodingFilter.doFilterInternal(CharacterEncodingFilter.java:201) ~[spring-web-5.2.2.RELEASE.jar:5.2.2.RELEASE]
	at org.springframework.web.filter.OncePerRequestFilter.doFilter(OncePerRequestFilter.java:119) ~[spring-web-5.2.2.RELEASE.jar:5.2.2.RELEASE]
	at org.apache.catalina.core.ApplicationFilterChain.internalDoFilter(ApplicationFilterChain.java:193) ~[tomcat-embed-core-9.0.29.jar:9.0.29]
	at org.apache.catalina.core.ApplicationFilterChain.doFilter(ApplicationFilterChain.java:166) ~[tomcat-embed-core-9.0.29.jar:9.0.29]
	at org.apache.catalina.core.StandardWrapperValve.invoke(StandardWrapperValve.java:202) ~[tomcat-embed-core-9.0.29.jar:9.0.29]
	at org.apache.catalina.core.StandardContextValve.invoke(StandardContextValve.java:96) ~[tomcat-embed-core-9.0.29.jar:9.0.29]
	at org.apache.catalina.authenticator.AuthenticatorBase.invoke(AuthenticatorBase.java:526) ~[tomcat-embed-core-9.0.29.jar:9.0.29]
	at org.apache.catalina.core.StandardHostValve.invoke(StandardHostValve.java:139) ~[tomcat-embed-core-9.0.29.jar:9.0.29]
	at org.apache.catalina.valves.ErrorReportValve.invoke(ErrorReportValve.java:92) ~[tomcat-embed-core-9.0.29.jar:9.0.29]
	at org.apache.catalina.core.StandardEngineValve.invoke(StandardEngineValve.java:74) ~[tomcat-embed-core-9.0.29.jar:9.0.29]
	at org.apache.catalina.connector.CoyoteAdapter.service(CoyoteAdapter.java:343) ~[tomcat-embed-core-9.0.29.jar:9.0.29]
	at org.apache.coyote.http11.Http11Processor.service(Http11Processor.java:367) ~[tomcat-embed-core-9.0.29.jar:9.0.29]
	at org.apache.coyote.AbstractProcessorLight.process(AbstractProcessorLight.java:65) ~[tomcat-embed-core-9.0.29.jar:9.0.29]
	at org.apache.coyote.AbstractProtocol$ConnectionHandler.process(AbstractProtocol.java:860) ~[tomcat-embed-core-9.0.29.jar:9.0.29]
	at org.apache.tomcat.util.net.NioEndpoint$SocketProcessor.doRun(NioEndpoint.java:1591) ~[tomcat-embed-core-9.0.29.jar:9.0.29]
	at org.apache.tomcat.util.net.SocketProcessorBase.run(SocketProcessorBase.java:49) ~[tomcat-embed-core-9.0.29.jar:9.0.29]
	at java.base/java.util.concurrent.ThreadPoolExecutor.runWorker(ThreadPoolExecutor.java:1136) ~[na:na]
	at java.base/java.util.concurrent.ThreadPoolExecutor$Worker.run(ThreadPoolExecutor.java:635) ~[na:na]
	at org.apache.tomcat.util.threads.TaskThread$WrappingRunnable.run(TaskThread.java:61) ~[tomcat-embed-core-9.0.29.jar:9.0.29]
	at java.base/java.lang.Thread.run(Thread.java:840) ~[na:na]

2023-12-30 14:04:16.647  INFO 8084 --- [http-nio-8888-exec-10] c.i.i.s.impl.SurveyAnswerServiceImpl     : 0
2023-12-30 14:04:16.647  INFO 8084 --- [http-nio-8888-exec-10] c.i.i.s.impl.SurveyAnswerServiceImpl     : 0
2023-12-30 14:04:16.647  INFO 8084 --- [http-nio-8888-exec-10] c.i.i.s.impl.SurveyAnswerServiceImpl     : 0
2023-12-30 14:04:16.647  INFO 8084 --- [http-nio-8888-exec-10] c.i.i.s.impl.SurveyAnswerServiceImpl     : 0
2023-12-30 14:04:16.647  INFO 8084 --- [http-nio-8888-exec-10] c.i.i.s.impl.SurveyAnswerServiceImpl     : 1
2023-12-30 14:04:16.647  INFO 8084 --- [http-nio-8888-exec-10] c.i.i.s.impl.SurveyAnswerServiceImpl     : 5:1
2023-12-30 14:04:16.647  INFO 8084 --- [http-nio-8888-exec-10] c.i.i.s.impl.SurveyAnswerServiceImpl     : 0
2023-12-30 14:04:16.647  INFO 8084 --- [http-nio-8888-exec-10] c.i.i.s.impl.SurveyAnswerServiceImpl     : 1
2023-12-30 14:04:16.647  INFO 8084 --- [http-nio-8888-exec-10] c.i.i.s.impl.SurveyAnswerServiceImpl     : 1
2023-12-30 14:04:16.647  INFO 8084 --- [http-nio-8888-exec-10] c.i.i.s.impl.SurveyAnswerServiceImpl     : 4
2023-12-30 14:04:16.647  INFO 8084 --- [http-nio-8888-exec-10] c.i.i.s.impl.SurveyAnswerServiceImpl     : 1
2023-12-30 14:04:16.647  INFO 8084 --- [http-nio-8888-exec-10] c.i.i.s.impl.SurveyAnswerServiceImpl     : 1
2023-12-30 14:04:16.647  INFO 8084 --- [http-nio-8888-exec-10] c.i.i.s.impl.SurveyAnswerServiceImpl     : 6
2023-12-30 14:04:16.647  INFO 8084 --- [http-nio-8888-exec-10] c.i.i.s.impl.SurveyAnswerServiceImpl     : 1,2,3,4,5,6,7
2023-12-30 14:04:16.647  INFO 8084 --- [http-nio-8888-exec-10] c.i.i.s.impl.SurveyAnswerServiceImpl     : 1
2023-12-30 14:04:16.647  INFO 8084 --- [http-nio-8888-exec-10] c.i.i.s.impl.SurveyAnswerServiceImpl     : 4:1
2023-12-30 14:04:16.647  INFO 8084 --- [http-nio-8888-exec-10] c.i.i.s.impl.SurveyAnswerServiceImpl     : 9:1
2023-12-30 14:04:16.647  INFO 8084 --- [http-nio-8888-exec-10] c.i.i.s.impl.SurveyAnswerServiceImpl     : 6
2023-12-30 14:04:16.647  INFO 8084 --- [http-nio-8888-exec-10] c.i.i.s.impl.SurveyAnswerServiceImpl     : 2
2023-12-30 14:04:16.647  INFO 8084 --- [http-nio-8888-exec-10] c.i.i.s.impl.SurveyAnswerServiceImpl     : 0
2023-12-30 14:04:16.647  INFO 8084 --- [http-nio-8888-exec-10] c.i.i.s.impl.SurveyAnswerServiceImpl     : 0
2023-12-30 14:04:16.647  INFO 8084 --- [http-nio-8888-exec-10] c.i.i.s.impl.SurveyAnswerServiceImpl     : 0,1,2,3
2023-12-30 14:04:16.647  INFO 8084 --- [http-nio-8888-exec-10] c.i.i.s.impl.SurveyAnswerServiceImpl     : 0
2023-12-30 14:04:16.647  INFO 8084 --- [http-nio-8888-exec-10] c.i.i.s.impl.SurveyAnswerServiceImpl     : 0
2023-12-30 14:04:16.647  INFO 8084 --- [http-nio-8888-exec-10] c.i.i.s.impl.SurveyAnswerServiceImpl     : 0
2023-12-30 14:04:16.647  INFO 8084 --- [http-nio-8888-exec-10] c.i.i.s.impl.SurveyAnswerServiceImpl     : 14:1
2023-12-30 14:04:16.647  INFO 8084 --- [http-nio-8888-exec-10] c.i.i.s.impl.SurveyAnswerServiceImpl     : 0
2023-12-30 14:04:16.647  INFO 8084 --- [http-nio-8888-exec-10] c.i.i.s.impl.SurveyAnswerServiceImpl     : 0
2023-12-30 14:04:16.647  INFO 8084 --- [http-nio-8888-exec-10] c.i.i.s.impl.SurveyAnswerServiceImpl     : 7:1
2023-12-30 14:04:16.647  INFO 8084 --- [http-nio-8888-exec-10] c.i.i.s.impl.SurveyAnswerServiceImpl     : 7:1
2023-12-30 14:04:16.647  INFO 8084 --- [http-nio-8888-exec-10] c.i.i.s.impl.SurveyAnswerServiceImpl     : 5
2023-12-30 14:04:16.647  INFO 8084 --- [http-nio-8888-exec-10] c.i.i.s.impl.SurveyAnswerServiceImpl     : 2:1
2023-12-30 14:04:16.647  INFO 8084 --- [http-nio-8888-exec-10] c.i.i.s.impl.SurveyAnswerServiceImpl     : 2:1
2023-12-30 14:04:16.647  INFO 8084 --- [http-nio-8888-exec-10] c.i.i.s.impl.SurveyAnswerServiceImpl     : 5
2023-12-30 14:04:16.647  INFO 8084 --- [http-nio-8888-exec-10] c.i.i.s.impl.SurveyAnswerServiceImpl     : 1
2023-12-30 14:04:16.647  INFO 8084 --- [http-nio-8888-exec-10] c.i.i.s.impl.SurveyAnswerServiceImpl     : 2
2023-12-30 14:04:16.647  INFO 8084 --- [http-nio-8888-exec-10] c.i.i.s.impl.SurveyAnswerServiceImpl     : 6
2023-12-30 14:04:16.647  INFO 8084 --- [http-nio-8888-exec-10] c.i.i.s.impl.SurveyAnswerServiceImpl     : 1
2023-12-30 14:04:16.647  INFO 8084 --- [http-nio-8888-exec-10] c.i.i.s.impl.SurveyAnswerServiceImpl     : 2
2023-12-30 14:04:16.647  INFO 8084 --- [http-nio-8888-exec-10] c.i.i.s.impl.SurveyAnswerServiceImpl     : 1
2023-12-30 14:04:16.647  INFO 8084 --- [http-nio-8888-exec-10] c.i.i.s.impl.SurveyAnswerServiceImpl     : 2
2023-12-30 14:04:16.647  INFO 8084 --- [http-nio-8888-exec-10] c.i.i.s.impl.SurveyAnswerServiceImpl     : 1
2023-12-30 14:04:16.647  INFO 8084 --- [http-nio-8888-exec-10] c.i.i.s.impl.SurveyAnswerServiceImpl     : 2
2023-12-30 14:04:16.655  INFO 8084 --- [http-nio-8888-exec-10] c.i.i.s.impl.SurveyAnswerServiceImpl     : 2:1
2023-12-30 14:04:16.655  INFO 8084 --- [http-nio-8888-exec-10] c.i.i.s.impl.SurveyAnswerServiceImpl     : 3
2023-12-30 14:04:16.655  INFO 8084 --- [http-nio-8888-exec-10] c.i.i.s.impl.SurveyAnswerServiceImpl     : 4
2023-12-30 14:04:16.655  INFO 8084 --- [http-nio-8888-exec-10] c.i.i.s.impl.SurveyAnswerServiceImpl     : 2:1
2023-12-30 14:04:16.655  INFO 8084 --- [http-nio-8888-exec-10] c.i.i.s.impl.SurveyAnswerServiceImpl     : 1
2023-12-30 14:04:16.655  INFO 8084 --- [http-nio-8888-exec-10] c.i.i.s.impl.SurveyAnswerServiceImpl     : 1
2023-12-30 14:04:16.655  INFO 8084 --- [http-nio-8888-exec-10] c.i.i.s.impl.SurveyAnswerServiceImpl     : 1
2023-12-30 14:04:16.655  INFO 8084 --- [http-nio-8888-exec-10] c.i.i.s.impl.SurveyAnswerServiceImpl     : 1
2023-12-30 14:04:16.655  INFO 8084 --- [http-nio-8888-exec-10] c.i.i.s.impl.SurveyAnswerServiceImpl     : 0:1
2023-12-30 14:04:16.655  INFO 8084 --- [http-nio-8888-exec-10] c.i.i.s.impl.SurveyAnswerServiceImpl     : 2
2023-12-30 14:04:16.655  INFO 8084 --- [http-nio-8888-exec-10] c.i.i.s.impl.SurveyAnswerServiceImpl     : 6
2023-12-30 14:04:16.655  INFO 8084 --- [http-nio-8888-exec-10] c.i.i.s.impl.SurveyAnswerServiceImpl     : 10
2023-12-30 14:04:16.655  INFO 8084 --- [http-nio-8888-exec-10] c.i.i.s.impl.SurveyAnswerServiceImpl     : 6
2023-12-30 14:04:16.655  INFO 8084 --- [http-nio-8888-exec-10] c.i.i.s.impl.SurveyAnswerServiceImpl     : 9
2023-12-30 14:04:16.655  INFO 8084 --- [http-nio-8888-exec-10] c.i.i.s.impl.SurveyAnswerServiceImpl     : 15
2023-12-30 14:04:16.655  INFO 8084 --- [http-nio-8888-exec-10] c.i.i.s.impl.SurveyAnswerServiceImpl     : 5
2023-12-30 14:04:16.655  INFO 8084 --- [http-nio-8888-exec-10] c.i.i.s.impl.SurveyAnswerServiceImpl     : 1
2023-12-30 14:04:16.655  INFO 8084 --- [http-nio-8888-exec-10] c.i.i.s.impl.SurveyAnswerServiceImpl     : 1:1
2023-12-30 14:04:16.655  INFO 8084 --- [http-nio-8888-exec-10] c.i.i.s.impl.SurveyAnswerServiceImpl     : 2:1
2023-12-30 14:04:16.655  INFO 8084 --- [http-nio-8888-exec-10] c.i.i.s.impl.SurveyAnswerServiceImpl     : 1:1
2023-12-30 14:04:16.655  INFO 8084 --- [http-nio-8888-exec-10] c.i.i.s.impl.SurveyAnswerServiceImpl     : 2
2023-12-30 14:04:16.655  INFO 8084 --- [http-nio-8888-exec-10] c.i.i.s.impl.SurveyAnswerServiceImpl     : 2:1
2023-12-30 14:04:16.655  INFO 8084 --- [http-nio-8888-exec-10] c.i.i.s.impl.SurveyAnswerServiceImpl     : 0
2023-12-30 14:04:16.655  INFO 8084 --- [http-nio-8888-exec-10] c.i.i.s.impl.SurveyAnswerServiceImpl     : 1
2023-12-30 14:04:16.655  INFO 8084 --- [http-nio-8888-exec-10] c.i.i.s.impl.SurveyAnswerServiceImpl     : 1,2
2023-12-30 14:04:16.655  INFO 8084 --- [http-nio-8888-exec-10] c.i.i.s.impl.SurveyAnswerServiceImpl     : 3
2023-12-30 14:04:16.655  INFO 8084 --- [http-nio-8888-exec-10] c.i.i.s.impl.SurveyAnswerServiceImpl     : 15
2023-12-30 14:04:16.655  INFO 8084 --- [http-nio-8888-exec-10] c.i.i.s.impl.SurveyAnswerServiceImpl     : 0
2023-12-30 14:04:16.655  INFO 8084 --- [http-nio-8888-exec-10] c.i.i.s.impl.SurveyAnswerServiceImpl     : 0
2023-12-30 14:06:48.334  INFO 8084 --- [http-nio-8888-exec-4] c.i.i.controller.ResidentController      : Roles-->RoleWardDTO(role=0, wardNumber=0, urlObject=RoleWardDTO.UrlObject(goBack=false, wardNo=0, prevLastItemId=0, lastSeenId=0, searchKey=, toleName=, currentPage=0, pageLimit=0, backFrom=))
2023-12-30 14:10:11.427  INFO 8084 --- [http-nio-8888-exec-4] c.i.i.controller.ResidentController      : Roles-->RoleWardDTO(role=0, wardNumber=0, urlObject=RoleWardDTO.UrlObject(goBack=false, wardNo=0, prevLastItemId=0, lastSeenId=0, searchKey=, toleName=, currentPage=0, pageLimit=0, backFrom=))
2023-12-30 14:10:16.672  INFO 8084 --- [http-nio-8888-exec-3] c.i.i.s.impl.SurveyAnswerServiceImpl     : 5
2023-12-30 14:10:16.672  INFO 8084 --- [http-nio-8888-exec-3] c.i.i.s.impl.SurveyAnswerServiceImpl     : 2
2023-12-30 14:10:16.672  INFO 8084 --- [http-nio-8888-exec-3] c.i.i.s.impl.SurveyAnswerServiceImpl     : 0
2023-12-30 14:10:16.672  INFO 8084 --- [http-nio-8888-exec-3] c.i.i.s.impl.SurveyAnswerServiceImpl     : 0
2023-12-30 14:10:16.672  INFO 8084 --- [http-nio-8888-exec-3] c.i.i.s.impl.SurveyAnswerServiceImpl     : 1
2023-12-30 14:10:16.672  INFO 8084 --- [http-nio-8888-exec-3] c.i.i.s.impl.SurveyAnswerServiceImpl     : 5:1
2023-12-30 14:10:16.672  INFO 8084 --- [http-nio-8888-exec-3] c.i.i.s.impl.SurveyAnswerServiceImpl     : 3
2023-12-30 14:10:16.680  INFO 8084 --- [http-nio-8888-exec-3] c.i.i.s.impl.SurveyAnswerServiceImpl     : 0
2023-12-30 14:10:16.680  INFO 8084 --- [http-nio-8888-exec-3] c.i.i.s.impl.SurveyAnswerServiceImpl     : 1
2023-12-30 14:10:16.680  INFO 8084 --- [http-nio-8888-exec-3] c.i.i.s.impl.SurveyAnswerServiceImpl     : 4
2023-12-30 14:10:16.680  INFO 8084 --- [http-nio-8888-exec-3] c.i.i.s.impl.SurveyAnswerServiceImpl     : 1
2023-12-30 14:10:16.680  INFO 8084 --- [http-nio-8888-exec-3] c.i.i.s.impl.SurveyAnswerServiceImpl     : 1
2023-12-30 14:10:16.682  INFO 8084 --- [http-nio-8888-exec-3] c.i.i.s.impl.SurveyAnswerServiceImpl     : 6
2023-12-30 14:10:16.682  INFO 8084 --- [http-nio-8888-exec-3] c.i.i.s.impl.SurveyAnswerServiceImpl     : 1,2,3,4,5,6,7
2023-12-30 14:10:16.682  INFO 8084 --- [http-nio-8888-exec-3] c.i.i.s.impl.SurveyAnswerServiceImpl     : 1
2023-12-30 14:10:16.682  INFO 8084 --- [http-nio-8888-exec-3] c.i.i.s.impl.SurveyAnswerServiceImpl     : 4:1
2023-12-30 14:10:16.682  INFO 8084 --- [http-nio-8888-exec-3] c.i.i.s.impl.SurveyAnswerServiceImpl     : 9:1
2023-12-30 14:10:16.685  INFO 8084 --- [http-nio-8888-exec-3] c.i.i.s.impl.SurveyAnswerServiceImpl     : 6
2023-12-30 14:10:16.685  INFO 8084 --- [http-nio-8888-exec-3] c.i.i.s.impl.SurveyAnswerServiceImpl     : 2
2023-12-30 14:10:16.685  INFO 8084 --- [http-nio-8888-exec-3] c.i.i.s.impl.SurveyAnswerServiceImpl     : 0
2023-12-30 14:10:16.685  INFO 8084 --- [http-nio-8888-exec-3] c.i.i.s.impl.SurveyAnswerServiceImpl     : 0
2023-12-30 14:10:16.687  INFO 8084 --- [http-nio-8888-exec-3] c.i.i.s.impl.SurveyAnswerServiceImpl     : 1,2,3,4
2023-12-30 14:10:16.687  INFO 8084 --- [http-nio-8888-exec-3] c.i.i.s.impl.SurveyAnswerServiceImpl     : 0
2023-12-30 14:10:16.687  INFO 8084 --- [http-nio-8888-exec-3] c.i.i.s.impl.SurveyAnswerServiceImpl     : 0
2023-12-30 14:10:16.687  INFO 8084 --- [http-nio-8888-exec-3] c.i.i.s.impl.SurveyAnswerServiceImpl     : 0
2023-12-30 14:10:16.687  INFO 8084 --- [http-nio-8888-exec-3] c.i.i.s.impl.SurveyAnswerServiceImpl     : 14:1
2023-12-30 14:10:16.687  INFO 8084 --- [http-nio-8888-exec-3] c.i.i.s.impl.SurveyAnswerServiceImpl     : 3
2023-12-30 14:10:16.687  INFO 8084 --- [http-nio-8888-exec-3] c.i.i.s.impl.SurveyAnswerServiceImpl     : 0
2023-12-30 14:10:16.687  INFO 8084 --- [http-nio-8888-exec-3] c.i.i.s.impl.SurveyAnswerServiceImpl     : 7:1
2023-12-30 14:10:16.687  INFO 8084 --- [http-nio-8888-exec-3] c.i.i.s.impl.SurveyAnswerServiceImpl     : 7:1
2023-12-30 14:10:16.687  INFO 8084 --- [http-nio-8888-exec-3] c.i.i.s.impl.SurveyAnswerServiceImpl     : 5
2023-12-30 14:10:16.687  INFO 8084 --- [http-nio-8888-exec-3] c.i.i.s.impl.SurveyAnswerServiceImpl     : 2:1
2023-12-30 14:10:16.687  INFO 8084 --- [http-nio-8888-exec-3] c.i.i.s.impl.SurveyAnswerServiceImpl     : 2:1
2023-12-30 14:10:16.687  INFO 8084 --- [http-nio-8888-exec-3] c.i.i.s.impl.SurveyAnswerServiceImpl     : 0,5
2023-12-30 14:10:16.687  INFO 8084 --- [http-nio-8888-exec-3] c.i.i.s.impl.SurveyAnswerServiceImpl     : 1
2023-12-30 14:10:16.687  INFO 8084 --- [http-nio-8888-exec-3] c.i.i.s.impl.SurveyAnswerServiceImpl     : 2
2023-12-30 14:10:16.696  INFO 8084 --- [http-nio-8888-exec-3] c.i.i.s.impl.SurveyAnswerServiceImpl     : 6
2023-12-30 14:10:16.696  INFO 8084 --- [http-nio-8888-exec-3] c.i.i.s.impl.SurveyAnswerServiceImpl     : 1
2023-12-30 14:10:16.696  INFO 8084 --- [http-nio-8888-exec-3] c.i.i.s.impl.SurveyAnswerServiceImpl     : 2
2023-12-30 14:10:16.696  INFO 8084 --- [http-nio-8888-exec-3] c.i.i.s.impl.SurveyAnswerServiceImpl     : 1
2023-12-30 14:10:16.696  INFO 8084 --- [http-nio-8888-exec-3] c.i.i.s.impl.SurveyAnswerServiceImpl     : 2
2023-12-30 14:10:16.696  INFO 8084 --- [http-nio-8888-exec-3] c.i.i.s.impl.SurveyAnswerServiceImpl     : 1
2023-12-30 14:10:16.700  INFO 8084 --- [http-nio-8888-exec-3] c.i.i.s.impl.SurveyAnswerServiceImpl     : 2
2023-12-30 14:10:16.700  INFO 8084 --- [http-nio-8888-exec-3] c.i.i.s.impl.SurveyAnswerServiceImpl     : 2:1
2023-12-30 14:10:16.700  INFO 8084 --- [http-nio-8888-exec-3] c.i.i.s.impl.SurveyAnswerServiceImpl     : 3
2023-12-30 14:10:16.701  INFO 8084 --- [http-nio-8888-exec-3] c.i.i.s.impl.SurveyAnswerServiceImpl     : 4
2023-12-30 14:10:16.701  INFO 8084 --- [http-nio-8888-exec-3] c.i.i.s.impl.SurveyAnswerServiceImpl     : 2:1
2023-12-30 14:10:16.701  INFO 8084 --- [http-nio-8888-exec-3] c.i.i.s.impl.SurveyAnswerServiceImpl     : 
2023-12-30 14:10:16.701  INFO 8084 --- [http-nio-8888-exec-3] c.i.i.s.impl.SurveyAnswerServiceImpl     : Error : For input string: ""
2023-12-30 14:10:16.701  INFO 8084 --- [http-nio-8888-exec-3] c.i.i.s.impl.SurveyAnswerServiceImpl     : 0
2023-12-30 14:10:16.701  INFO 8084 --- [http-nio-8888-exec-3] c.i.i.s.impl.SurveyAnswerServiceImpl     : 1
2023-12-30 14:10:16.701  INFO 8084 --- [http-nio-8888-exec-3] c.i.i.s.impl.SurveyAnswerServiceImpl     : 1
2023-12-30 14:10:16.701  INFO 8084 --- [http-nio-8888-exec-3] c.i.i.s.impl.SurveyAnswerServiceImpl     : 0:1
2023-12-30 14:10:16.701  INFO 8084 --- [http-nio-8888-exec-3] c.i.i.s.impl.SurveyAnswerServiceImpl     : 2
2023-12-30 14:10:16.701  INFO 8084 --- [http-nio-8888-exec-3] c.i.i.s.impl.SurveyAnswerServiceImpl     : 6
2023-12-30 14:10:16.701  INFO 8084 --- [http-nio-8888-exec-3] c.i.i.s.impl.SurveyAnswerServiceImpl     : 10
2023-12-30 14:10:16.701  INFO 8084 --- [http-nio-8888-exec-3] c.i.i.s.impl.SurveyAnswerServiceImpl     : 6
2023-12-30 14:10:16.701  INFO 8084 --- [http-nio-8888-exec-3] c.i.i.s.impl.SurveyAnswerServiceImpl     : 9
2023-12-30 14:10:16.701  INFO 8084 --- [http-nio-8888-exec-3] c.i.i.s.impl.SurveyAnswerServiceImpl     : 15
2023-12-30 14:10:16.701  INFO 8084 --- [http-nio-8888-exec-3] c.i.i.s.impl.SurveyAnswerServiceImpl     : 5
2023-12-30 14:10:16.701  INFO 8084 --- [http-nio-8888-exec-3] c.i.i.s.impl.SurveyAnswerServiceImpl     : 1
2023-12-30 14:10:16.701  INFO 8084 --- [http-nio-8888-exec-3] c.i.i.s.impl.SurveyAnswerServiceImpl     : 1:1
2023-12-30 14:10:16.701  INFO 8084 --- [http-nio-8888-exec-3] c.i.i.s.impl.SurveyAnswerServiceImpl     : 2:1
2023-12-30 14:10:16.701  INFO 8084 --- [http-nio-8888-exec-3] c.i.i.s.impl.SurveyAnswerServiceImpl     : 1:1
2023-12-30 14:10:16.701  INFO 8084 --- [http-nio-8888-exec-3] c.i.i.s.impl.SurveyAnswerServiceImpl     : 2
2023-12-30 14:10:16.701  INFO 8084 --- [http-nio-8888-exec-3] c.i.i.s.impl.SurveyAnswerServiceImpl     : 2:1
2023-12-30 14:10:16.701  INFO 8084 --- [http-nio-8888-exec-3] c.i.i.s.impl.SurveyAnswerServiceImpl     : 0
2023-12-30 14:10:16.701  INFO 8084 --- [http-nio-8888-exec-3] c.i.i.s.impl.SurveyAnswerServiceImpl     : 1
2023-12-30 14:10:16.712  INFO 8084 --- [http-nio-8888-exec-3] c.i.i.s.impl.SurveyAnswerServiceImpl     : 1,2
2023-12-30 14:10:16.712  INFO 8084 --- [http-nio-8888-exec-3] c.i.i.s.impl.SurveyAnswerServiceImpl     : 1
2023-12-30 14:10:16.712  INFO 8084 --- [http-nio-8888-exec-3] c.i.i.s.impl.SurveyAnswerServiceImpl     : 15
2023-12-30 14:10:16.712  INFO 8084 --- [http-nio-8888-exec-3] c.i.i.s.impl.SurveyAnswerServiceImpl     : 0
2023-12-30 14:10:16.712  INFO 8084 --- [http-nio-8888-exec-3] c.i.i.s.impl.SurveyAnswerServiceImpl     : 0
2023-12-30 17:48:02.787  WARN 8084 --- [HikariPool-1 housekeeper] com.zaxxer.hikari.pool.HikariPool        : HikariPool-1 - Thread starvation or clock leap detected (housekeeper delta=3h1m56s208ms836s700ns).
2023-12-30 19:59:09.631  WARN 8084 --- [HikariPool-1 housekeeper] com.zaxxer.hikari.pool.HikariPool        : HikariPool-1 - Thread starvation or clock leap detected (housekeeper delta=2h1m6s682ms168s400ns).
2023-12-30 21:47:38.513  INFO 8084 --- [SpringContextShutdownHook] o.s.s.c.ThreadPoolTaskScheduler          : Shutting down ExecutorService 'taskScheduler'
2023-12-30 21:47:38.557  INFO 8084 --- [SpringContextShutdownHook] o.s.s.concurrent.ThreadPoolTaskExecutor  : Shutting down ExecutorService 'applicationTaskExecutor'
2023-12-30 21:47:38.590  INFO 8084 --- [SpringContextShutdownHook] com.zaxxer.hikari.HikariDataSource       : HikariPool-1 - Shutdown initiated...
2023-12-30 21:47:38.606  INFO 8084 --- [SpringContextShutdownHook] com.zaxxer.hikari.HikariDataSource       : HikariPool-1 - Shutdown completed.
